<?xml version="1.0" encoding="utf-8"?><testsuites><testsuite name="pytest" errors="0" failures="0" skipped="0" tests="10" time="64.214" timestamp="2021-05-11T17:10:59.446609" hostname="Alexs-MacBook-Pro.local"><testcase classname="pd_parser.tests.test_parse_pd" name="test_inputs" time="0.483" /><testcase classname="pd_parser.tests.test_parse_pd" name="test_core" time="0.865" /><testcase classname="pd_parser.tests.test_parse_pd" name="test_resync" time="0.605" /><testcase classname="pd_parser.tests.test_parse_pd" name="test_two_pd_alignment" time="1.272" /><testcase classname="pd_parser.tests.test_parse_pd" name="test_plotting" time="0.624" /><testcase classname="pd_parser.tests.test_parse_pd" name="test_parse_pd" time="44.646" /><testcase classname="pd_parser.tests.test_parse_pd" name="test_long_events" time="0.773" /><testcase classname="pd_parser.tests.test_parse_pd" name="test_parse_audio" time="7.320" /><testcase classname="pd_parser.tests.test_parse_pd" name="test_cli" time="6.156" /><testcase classname="pd_parser.tests.test_parse_pd" name="test_examples" time="0.001" /></testsuite></testsuites>