<?xml version="1.0" encoding="utf-8"?><testsuites><testsuite name="pytest" errors="0" failures="0" skipped="0" tests="1" time="45.541" timestamp="2022-09-19T13:24:58.878885" hostname="james"><testcase classname="pd_parser.tests.test_parse_pd" name="test_examples" time="44.792" /></testsuite></testsuites>