<?xml version="1.0" encoding="utf-8"?><testsuites><testsuite errors="0" failures="0" hostname="Alexs-MacBook-Pro.local" name="pytest" skipped="0" tests="5" time="86.781" timestamp="2020-10-09T08:46:25.717003"><testcase classname="pd_parser.tests.test_parse_pd" file="pd_parser/tests/test_parse_pd.py" line="83" name="test_core" time="1.845"><system-out>Creating RawArray with float64 data, n_channels=1, n_times=84876
    Range : 0 ... 84875 =      0.000 ...    84.875 secs
Ready.
Writing /private/var/folders/s4/y1vlkn8d70jfw7s8s03m9p540000gn/T/tmp_mne_tempdir_30ujj7az/test-raw.fif
Closing /private/var/folders/s4/y1vlkn8d70jfw7s8s03m9p540000gn/T/tmp_mne_tempdir_30ujj7az/test-raw.fif [done]
Reading in foo.bar
Reading in /var/folders/s4/y1vlkn8d70jfw7s8s03m9p540000gn/T/tmp_mne_tempdir_30ujj7az/test-raw.fif
Opening raw data file /var/folders/s4/y1vlkn8d70jfw7s8s03m9p540000gn/T/tmp_mne_tempdir_30ujj7az/test-raw.fif...
Isotrak not found
    Range : 0 ... 84875 =      0.000 ...    84.875 secs
Ready.
Reading 0 ... 84875  =      0.000 ...    84.875 secs...
Finding photodiode events
10 up-deflection photodiode candidate events found
Checking best behavior-photodiode difference alignments
Best alignment with the photodiode shifted 25 ms relative to the first behavior event
errors: min -27, q1 -15, med 4, q3 20, max 75
Excluding events that have zero close events or more than one photodiode event within `max_len` time
Excluding event 6, no event found
Used Annotations descriptions: [&apos;Fixation&apos;]
Reading in /var/folders/s4/y1vlkn8d70jfw7s8s03m9p540000gn/T/tmp_mne_tempdir_30ujj7az/test-raw.fif
Opening raw data file /var/folders/s4/y1vlkn8d70jfw7s8s03m9p540000gn/T/tmp_mne_tempdir_30ujj7az/test-raw.fif...
Isotrak not found
    Range : 0 ... 84875 =      0.000 ...    84.875 secs
Ready.
Reading 0 ... 84875  =      0.000 ...    84.875 secs...
Finding photodiode events
10 up-deflection photodiode candidate events found
No behavioral tsv file was provided so the photodiode events will be returned without validation by task timing
Used Annotations descriptions: [&apos;Fixation&apos;]
Creating RawArray with float64 data, n_channels=1, n_times=84876
    Range : 0 ... 84875 =      0.000 ...    84.875 secs
Ready.
Finding photodiode events
10 up-deflection photodiode candidate events found
Checking best behavior-photodiode difference alignments
Best alignment with the photodiode shifted 25 ms relative to the first behavior event
errors: min -34, q1 -18, med 4, q3 29, max 75
Excluding events that have zero close events or more than one photodiode event within `max_len` time
Excluding event 1, off by 42 ms
Excluding event 6, no event found
Excluding event 7, off by -34 ms
</system-out><system-err>  0%|          | 0/1349 [00:00&lt;?, ?it/s] 40%|███▉      | 538/1349 [00:00&lt;00:00, 5374.42it/s] 80%|████████  | 1084/1349 [00:00&lt;00:00, 5397.47it/s]100%|██████████| 1349/1349 [00:00&lt;00:00, 5402.16it/s]
  0%|          | 0/7 [00:00&lt;?, ?it/s]100%|██████████| 7/7 [00:00&lt;00:00, 1612.13it/s]
  0%|          | 0/668 [00:00&lt;?, ?it/s] 53%|█████▎    | 356/668 [00:00&lt;00:00, 3550.20it/s]100%|██████████| 668/668 [00:00&lt;00:00, 3768.56it/s]
  0%|          | 0/1349 [00:00&lt;?, ?it/s] 39%|███▊      | 521/1349 [00:00&lt;00:00, 5202.34it/s] 77%|███████▋  | 1035/1349 [00:00&lt;00:00, 5181.93it/s]100%|██████████| 1349/1349 [00:00&lt;00:00, 5207.71it/s]
  0%|          | 0/7 [00:00&lt;?, ?it/s]100%|██████████| 7/7 [00:00&lt;00:00, 1177.04it/s]
</system-err></testcase><testcase classname="pd_parser.tests.test_parse_pd" file="pd_parser/tests/test_parse_pd.py" line="242" name="test_two_pd_alignment" time="0.450"><system-out>Creating RawArray with float64 data, n_channels=1, n_times=84876
    Range : 0 ... 84875 =      0.000 ...    84.875 secs
Ready.
Writing /private/var/folders/s4/y1vlkn8d70jfw7s8s03m9p540000gn/T/tmp_mne_tempdir_hz4gcyzy/test-raw.fif
Closing /private/var/folders/s4/y1vlkn8d70jfw7s8s03m9p540000gn/T/tmp_mne_tempdir_hz4gcyzy/test-raw.fif [done]
Reading in /var/folders/s4/y1vlkn8d70jfw7s8s03m9p540000gn/T/tmp_mne_tempdir_hz4gcyzy/test-raw.fif
Opening raw data file /var/folders/s4/y1vlkn8d70jfw7s8s03m9p540000gn/T/tmp_mne_tempdir_hz4gcyzy/test-raw.fif...
Isotrak not found
    Range : 0 ... 84875 =      0.000 ...    84.875 secs
Ready.
Reading 0 ... 84875  =      0.000 ...    84.875 secs...
Finding photodiode events
10 up-deflection photodiode candidate events found
Checking best behavior-photodiode difference alignments
Best alignment with the photodiode shifted 12 ms relative to the first behavior event
errors: min -26, q1 -24, med -19, q3 14, max 29
Excluding events that have zero close events or more than one photodiode event within `max_len` time
Reading in /var/folders/s4/y1vlkn8d70jfw7s8s03m9p540000gn/T/tmp_mne_tempdir_hz4gcyzy/test-raw.fif
Opening raw data file /var/folders/s4/y1vlkn8d70jfw7s8s03m9p540000gn/T/tmp_mne_tempdir_hz4gcyzy/test-raw.fif...
Isotrak not found
    Range : 0 ... 84875 =      0.000 ...    84.875 secs
Ready.
Reading 0 ... 84875  =      0.000 ...    84.875 secs...
Finding photodiode events
10 up-deflection photodiode candidate events found
Checking best behavior-photodiode difference alignments
Best alignment with the photodiode shifted 18 ms relative to the first behavior event
errors: min -43, q1 -41, med -1, q3 0, max 46
Excluding events that have zero close events or more than one photodiode event within `max_len` time
Used Annotations descriptions: [&apos;Fixation&apos;, &apos;Response&apos;]
</system-out><system-err>  0%|          | 0/668 [00:00&lt;?, ?it/s] 78%|███████▊  | 521/668 [00:00&lt;00:00, 5202.98it/s]100%|██████████| 668/668 [00:00&lt;00:00, 5199.66it/s]
  0%|          | 0/4 [00:00&lt;?, ?it/s]100%|██████████| 4/4 [00:00&lt;00:00, 2210.15it/s]
  0%|          | 0/668 [00:00&lt;?, ?it/s] 78%|███████▊  | 522/668 [00:00&lt;00:00, 5212.97it/s]100%|██████████| 668/668 [00:00&lt;00:00, 5207.33it/s]
  0%|          | 0/4 [00:00&lt;?, ?it/s]100%|██████████| 4/4 [00:00&lt;00:00, 2128.55it/s]
</system-err></testcase><testcase classname="pd_parser.tests.test_parse_pd" file="pd_parser/tests/test_parse_pd.py" line="286" name="test_parse_pd" time="21.677"><system-out>Writing /private/var/folders/s4/y1vlkn8d70jfw7s8s03m9p540000gn/T/tmp_mne_tempdir_pz345zco/pd_data-raw.fif
Closing /private/var/folders/s4/y1vlkn8d70jfw7s8s03m9p540000gn/T/tmp_mne_tempdir_pz345zco/pd_data-raw.fif [done]
Reading in /var/folders/s4/y1vlkn8d70jfw7s8s03m9p540000gn/T/tmp_mne_tempdir_pz345zco/pd_data-raw.fif
Opening raw data file /var/folders/s4/y1vlkn8d70jfw7s8s03m9p540000gn/T/tmp_mne_tempdir_pz345zco/pd_data-raw.fif...
Isotrak not found
    Range : 0 ... 2818157 =      0.000 ...  2819.815 secs
Ready.
Reading 0 ... 2818157  =      0.000 ...  2819.815 secs...
Reading in /var/folders/s4/y1vlkn8d70jfw7s8s03m9p540000gn/T/tmp_mne_tempdir_pz345zco/pd_data-raw.fif
Opening raw data file /var/folders/s4/y1vlkn8d70jfw7s8s03m9p540000gn/T/tmp_mne_tempdir_pz345zco/pd_data-raw.fif...
Isotrak not found
    Range : 0 ... 2818157 =      0.000 ...  2819.815 secs
Ready.
Reading 0 ... 2818157  =      0.000 ...  2819.815 secs...
Finding photodiode events
299 up-deflection photodiode candidate events found
Checking best behavior-photodiode difference alignments
Best alignment with the photodiode shifted 203 ms relative to the first behavior event
errors: min -51, q1 -8, med -5, q3 0, max 75
Excluding events that have zero close events or more than one photodiode event within `max_len` time
Excluding event 0, off by -95 ms
Excluding event 75, off by -109 ms
Excluding event 98, no event found
Excluding event 150, off by -84 ms
Excluding event 151, off by -43 ms
Excluding event 223, no event found
Excluding event 225, off by -51 ms
Excluding event 226, off by 37 ms
Excluding event 231, no event found
Excluding event 256, no event found
Excluding event 294, no event found
Opening raw data file /var/folders/s4/y1vlkn8d70jfw7s8s03m9p540000gn/T/tmp_mne_tempdir_pz345zco/pd_data-raw.fif...
Isotrak not found
    Range : 0 ... 2818157 =      0.000 ...  2819.815 secs
Ready.
Used Annotations descriptions: [&apos;Fixation&apos;]
Reading in /var/folders/s4/y1vlkn8d70jfw7s8s03m9p540000gn/T/tmp_mne_tempdir_pz345zco/pd_data-raw.fif
Opening raw data file /var/folders/s4/y1vlkn8d70jfw7s8s03m9p540000gn/T/tmp_mne_tempdir_pz345zco/pd_data-raw.fif...
Isotrak not found
    Range : 0 ... 2818157 =      0.000 ...  2819.815 secs
Ready.
Reading 0 ... 2818157  =      0.000 ...  2819.815 secs...
Used Annotations descriptions: [&apos;Fixation&apos;, &apos;Stim Off&apos;]
Reading in /var/folders/s4/y1vlkn8d70jfw7s8s03m9p540000gn/T/tmp_mne_tempdir_pz345zco/pd_data-raw.fif
Opening raw data file /var/folders/s4/y1vlkn8d70jfw7s8s03m9p540000gn/T/tmp_mne_tempdir_pz345zco/pd_data-raw.fif...
Isotrak not found
    Range : 0 ... 2818157 =      0.000 ...  2819.815 secs
Ready.
Reading 0 ... 2818157  =      0.000 ...  2819.815 secs...
Used Annotations descriptions: [&apos;Fixation&apos;, &apos;Go Cue&apos;, &apos;ISI Onset&apos;, &apos;Response&apos;, &apos;Stim Off&apos;]
Reading in /var/folders/s4/y1vlkn8d70jfw7s8s03m9p540000gn/T/tmp_mne_tempdir_pz345zco/pd_data-raw.fif
Opening raw data file /var/folders/s4/y1vlkn8d70jfw7s8s03m9p540000gn/T/tmp_mne_tempdir_pz345zco/pd_data-raw.fif...
Isotrak not found
    Range : 0 ... 2818157 =      0.000 ...  2819.815 secs
Ready.
Reading 0 ... 2818157  =      0.000 ...  2819.815 secs...
Writing /private/var/folders/s4/y1vlkn8d70jfw7s8s03m9p540000gn/T/tmp_mne_tempdir_pz345zco/pd_data-rawpd_raw.fif
Closing /private/var/folders/s4/y1vlkn8d70jfw7s8s03m9p540000gn/T/tmp_mne_tempdir_pz345zco/pd_data-rawpd_raw.fif [done]
Opening raw data file /var/folders/s4/y1vlkn8d70jfw7s8s03m9p540000gn/T/tmp_mne_tempdir_pz345zco/pd_data-rawpd_raw.fif...
Isotrak not found
    Range : 0 ... 2818157 =      0.000 ...  2819.815 secs
Ready.
Used Annotations descriptions: [&apos;Fixation&apos;, &apos;Go Cue&apos;, &apos;ISI Onset&apos;, &apos;Response&apos;, &apos;Stim Off&apos;]
Opening raw data file /var/folders/s4/y1vlkn8d70jfw7s8s03m9p540000gn/T/tmp_mne_tempdir_pz345zco/pd_data-raw.fif...
Isotrak not found
    Range : 0 ... 2818157 =      0.000 ...  2819.815 secs
Ready.
Used Annotations descriptions: [&apos;Fixation&apos;, &apos;Go Cue&apos;, &apos;ISI Onset&apos;, &apos;Response&apos;, &apos;Stim Off&apos;]
Opening raw data file /var/folders/s4/y1vlkn8d70jfw7s8s03m9p540000gn/T/tmp_mne_tempdir_pz345zco/pd_data-raw.fif...
Isotrak not found
    Range : 0 ... 2818157 =      0.000 ...  2819.815 secs
Ready.
Running subprocess: bids-validator --config.error=41 /var/folders/s4/y1vlkn8d70jfw7s8s03m9p540000gn/T/tmp_mne_tempdir_pz345zco/bids_dir
bids-validator@1.5.2



	#x1B[33m1: [WARN] Tabular file contains custom columns not described in a data dictionary (code: 82 - CUSTOM_COLUMN_WITHOUT_DESCRIPTION)#x1B[39m

		./sub-1/beh/sub-1_task-test_beh.tsv

			Evidence: Columns: fix_onset_time, fix_duration, go_time, response_time, pd_sample not defined, please define in: /task-test_beh.json, /beh.json,/sub-1/sub-1_task-test_beh.json,/sub-1/sub-1_beh.json,/sub-1/beh/sub-1_task-test_beh.json,/sub-1/beh/sub-1_beh.json



#x1B[36m	Please visit https://neurostars.org/search?q=CUSTOM_COLUMN_WITHOUT_DESCRIPTION for existing conversations about this issue.#x1B[39m



	#x1B[33m2: [WARN] The Authors field of dataset_description.json should contain an array of fields - with one author per field. This was triggered based on the presence of only one author field. Please ignore if all contributors are already properly listed. (code: 102 - TOO_FEW_AUTHORS)#x1B[39m



#x1B[36m	Please visit https://neurostars.org/search?q=TOO_FEW_AUTHORS for existing conversations about this issue.#x1B[39m





        #x1B[34m#x1B[4mSummary:#x1B[24m#x1B[39m                 #x1B[34m#x1B[4mAvailable Tasks:#x1B[24m#x1B[39m        #x1B[34m#x1B[4mAvailable Modalities:#x1B[24m#x1B[39m 

        12 Files, 43.12MB        test                    beh                   

        1 - Subject                                      channels              

        1 - Session                                      events                

                                                         ieeg                  





#x1B[36m	If you have any questions, please post on https://neurostars.org/tags/bids.#x1B[39m



</system-out><system-err>  0%|          | 0/22534 [00:00&lt;?, ?it/s]  2%|▏         | 538/22534 [00:00&lt;00:04, 5374.47it/s]  5%|▍         | 1068/22534 [00:00&lt;00:04, 5351.33it/s]  7%|▋         | 1594/22534 [00:00&lt;00:03, 5323.11it/s] 10%|▉         | 2159/22534 [00:00&lt;00:03, 5416.21it/s] 12%|█▏        | 2680/22534 [00:00&lt;00:03, 5349.74it/s] 14%|█▍        | 3230/22534 [00:00&lt;00:03, 5393.59it/s] 17%|█▋        | 3786/22534 [00:00&lt;00:03, 5440.33it/s] 19%|█▉        | 4287/22534 [00:00&lt;00:03, 5241.13it/s] 21%|██        | 4782/22534 [00:00&lt;00:03, 5120.59it/s] 24%|██▎       | 5319/22534 [00:01&lt;00:03, 5192.90it/s] 26%|██▌       | 5860/22534 [00:01&lt;00:03, 5255.45it/s] 28%|██▊       | 6415/22534 [00:01&lt;00:03, 5339.51it/s] 31%|███       | 6971/22534 [00:01&lt;00:02, 5402.10it/s] 33%|███▎      | 7508/22534 [00:01&lt;00:02, 5341.61it/s] 36%|███▌      | 8072/22534 [00:01&lt;00:02, 5425.39it/s] 38%|███▊      | 8631/22534 [00:01&lt;00:02, 5472.76it/s] 41%|████      | 9197/22534 [00:01&lt;00:02, 5526.47it/s] 43%|████▎     | 9750/22534 [00:01&lt;00:02, 5398.00it/s] 46%|████▌     | 10315/22534 [00:01&lt;00:02, 5471.00it/s] 48%|████▊     | 10863/22534 [00:02&lt;00:02, 5473.62it/s] 51%|█████     | 11416/22534 [00:02&lt;00:02, 5488.09it/s] 53%|█████▎    | 11966/22534 [00:02&lt;00:01, 5479.51it/s] 56%|█████▌    | 12528/22534 [00:02&lt;00:01, 5518.96it/s] 58%|█████▊    | 13086/22534 [00:02&lt;00:01, 5536.97it/s] 61%|██████    | 13640/22534 [00:02&lt;00:01, 5516.67it/s] 63%|██████▎   | 14198/22534 [00:02&lt;00:01, 5534.15it/s] 65%|██████▌   | 14752/22534 [00:02&lt;00:01, 5516.46it/s] 68%|██████▊   | 15313/22534 [00:02&lt;00:01, 5541.20it/s] 70%|███████   | 15868/22534 [00:02&lt;00:01, 5537.14it/s] 73%|███████▎  | 16422/22534 [00:03&lt;00:01, 5394.28it/s] 75%|███████▌  | 16963/22534 [00:03&lt;00:01, 5357.67it/s] 78%|███████▊  | 17520/22534 [00:03&lt;00:00, 5417.75it/s] 80%|████████  | 18070/22534 [00:03&lt;00:00, 5441.00it/s] 83%|████████▎ | 18625/22534 [00:03&lt;00:00, 5470.98it/s] 85%|████████▌ | 19187/22534 [00:03&lt;00:00, 5512.84it/s] 88%|████████▊ | 19740/22534 [00:03&lt;00:00, 5516.57it/s] 90%|█████████ | 20292/22534 [00:03&lt;00:00, 5512.91it/s] 93%|█████████▎| 20844/22534 [00:03&lt;00:00, 5513.02it/s] 95%|█████████▍| 21396/22534 [00:03&lt;00:00, 5483.20it/s] 97%|█████████▋| 21945/22534 [00:04&lt;00:00, 5474.85it/s]100%|█████████▉| 22493/22534 [00:04&lt;00:00, 5413.92it/s]100%|██████████| 22534/22534 [00:04&lt;00:00, 5432.02it/s]
  0%|          | 0/299 [00:00&lt;?, ?it/s]  2%|▏         | 6/299 [00:00&lt;00:05, 55.35it/s]  3%|▎         | 9/299 [00:00&lt;00:06, 41.48it/s]  4%|▍         | 12/299 [00:00&lt;00:07, 36.19it/s]  5%|▌         | 15/299 [00:00&lt;00:08, 33.29it/s]  7%|▋         | 20/299 [00:00&lt;00:07, 37.00it/s]  8%|▊         | 24/299 [00:00&lt;00:07, 35.09it/s]  9%|▉         | 28/299 [00:00&lt;00:08, 31.37it/s] 11%|█         | 32/299 [00:00&lt;00:08, 31.60it/s] 12%|█▏        | 37/299 [00:01&lt;00:07, 35.16it/s] 14%|█▎        | 41/299 [00:01&lt;00:08, 31.58it/s] 15%|█▌        | 45/299 [00:01&lt;00:08, 29.49it/s] 16%|█▋        | 49/299 [00:01&lt;00:08, 28.58it/s] 18%|█▊        | 53/299 [00:01&lt;00:07, 30.77it/s] 19%|█▉        | 57/299 [00:01&lt;00:07, 30.64it/s] 20%|██        | 61/299 [00:01&lt;00:08, 28.98it/s] 22%|██▏       | 65/299 [00:02&lt;00:07, 29.64it/s] 23%|██▎       | 69/299 [00:02&lt;00:07, 30.40it/s] 24%|██▍       | 73/299 [00:02&lt;00:07, 29.63it/s] 25%|██▌       | 76/299 [00:02&lt;00:07, 28.22it/s] 26%|██▋       | 79/299 [00:02&lt;00:08, 27.41it/s] 27%|██▋       | 82/299 [00:02&lt;00:08, 27.07it/s] 28%|██▊       | 85/299 [00:02&lt;00:07, 26.90it/s] 29%|██▉       | 88/299 [00:02&lt;00:07, 27.42it/s] 30%|███       | 91/299 [00:02&lt;00:07, 27.38it/s] 31%|███▏      | 94/299 [00:03&lt;00:07, 27.66it/s] 32%|███▏      | 97/299 [00:03&lt;00:07, 27.92it/s] 34%|███▍      | 101/299 [00:03&lt;00:06, 29.22it/s] 35%|███▌      | 105/299 [00:03&lt;00:06, 29.59it/s] 36%|███▋      | 109/299 [00:03&lt;00:06, 29.36it/s] 38%|███▊      | 113/299 [00:03&lt;00:06, 30.33it/s] 39%|███▉      | 117/299 [00:03&lt;00:05, 30.72it/s] 40%|████      | 121/299 [00:03&lt;00:05, 30.97it/s] 42%|████▏     | 125/299 [00:04&lt;00:05, 30.71it/s] 43%|████▎     | 129/299 [00:04&lt;00:05, 31.78it/s] 44%|████▍     | 133/299 [00:04&lt;00:05, 32.81it/s] 46%|████▌     | 137/299 [00:04&lt;00:05, 31.86it/s] 47%|████▋     | 141/299 [00:04&lt;00:05, 31.37it/s] 48%|████▊     | 145/299 [00:04&lt;00:04, 31.32it/s] 50%|████▉     | 149/299 [00:04&lt;00:04, 32.51it/s] 51%|█████     | 153/299 [00:04&lt;00:04, 33.65it/s] 53%|█████▎    | 157/299 [00:05&lt;00:04, 35.12it/s] 54%|█████▍    | 161/299 [00:05&lt;00:03, 35.95it/s] 55%|█████▌    | 165/299 [00:05&lt;00:03, 36.83it/s] 57%|█████▋    | 169/299 [00:05&lt;00:03, 36.77it/s] 58%|█████▊    | 174/299 [00:05&lt;00:03, 38.93it/s] 60%|█████▉    | 178/299 [00:05&lt;00:03, 37.97it/s] 61%|██████    | 183/299 [00:05&lt;00:03, 38.64it/s] 63%|██████▎   | 188/299 [00:05&lt;00:02, 39.53it/s] 65%|██████▍   | 193/299 [00:05&lt;00:02, 40.09it/s] 66%|██████▌   | 198/299 [00:06&lt;00:02, 39.94it/s] 68%|██████▊   | 203/299 [00:06&lt;00:02, 41.35it/s] 70%|██████▉   | 208/299 [00:06&lt;00:02, 42.67it/s] 71%|███████   | 213/299 [00:06&lt;00:02, 41.77it/s] 73%|███████▎  | 218/299 [00:06&lt;00:02, 39.60it/s] 74%|███████▍  | 222/299 [00:06&lt;00:01, 39.67it/s] 76%|███████▌  | 226/299 [00:06&lt;00:02, 35.29it/s] 77%|███████▋  | 231/299 [00:06&lt;00:01, 38.58it/s] 79%|███████▉  | 236/299 [00:07&lt;00:01, 39.26it/s] 81%|████████  | 242/299 [00:07&lt;00:01, 40.61it/s] 83%|████████▎ | 247/299 [00:07&lt;00:01, 41.20it/s] 84%|████████▍ | 252/299 [00:07&lt;00:01, 38.68it/s] 86%|████████▌ | 257/299 [00:07&lt;00:01, 38.66it/s] 88%|████████▊ | 262/299 [00:07&lt;00:00, 40.88it/s] 90%|████████▉ | 269/299 [00:07&lt;00:00, 46.13it/s] 92%|█████████▏| 275/299 [00:07&lt;00:00, 48.19it/s] 94%|█████████▍| 281/299 [00:07&lt;00:00, 51.01it/s] 96%|█████████▌| 287/299 [00:08&lt;00:00, 51.17it/s] 98%|█████████▊| 293/299 [00:08&lt;00:00, 47.25it/s]100%|█████████▉| 298/299 [00:08&lt;00:00, 33.69it/s]100%|██████████| 299/299 [00:08&lt;00:00, 35.08it/s]
Exception ignored in: &lt;_io.FileIO name=22 mode=&apos;rb&apos; closefd=True&gt;
ResourceWarning: unclosed file &lt;_io.BufferedReader name=22&gt;
Exception ignored in: &lt;_io.FileIO name=24 mode=&apos;rb&apos; closefd=True&gt;
ResourceWarning: unclosed file &lt;_io.BufferedReader name=24&gt;
</system-err></testcase><testcase classname="pd_parser.tests.test_parse_pd" file="pd_parser/tests/test_parse_pd.py" line="342" name="test_cli" time="27.073"><system-out>Writing /private/var/folders/s4/y1vlkn8d70jfw7s8s03m9p540000gn/T/tmp_mne_tempdir_upnicc0b/pd_data-raw.fif
Closing /private/var/folders/s4/y1vlkn8d70jfw7s8s03m9p540000gn/T/tmp_mne_tempdir_upnicc0b/pd_data-raw.fif [done]
Reading in /var/folders/s4/y1vlkn8d70jfw7s8s03m9p540000gn/T/tmp_mne_tempdir_upnicc0b/pd_data-raw.fif
Opening raw data file /var/folders/s4/y1vlkn8d70jfw7s8s03m9p540000gn/T/tmp_mne_tempdir_upnicc0b/pd_data-raw.fif...
Isotrak not found
    Range : 0 ... 2818157 =      0.000 ...  2819.815 secs
Ready.
Reading 0 ... 2818157  =      0.000 ...  2819.815 secs...
Finding photodiode events
299 up-deflection photodiode candidate events found
Checking best behavior-photodiode difference alignments
Best alignment with the photodiode shifted 203 ms relative to the first behavior event
errors: min -51, q1 -8, med -5, q3 0, max 75
Excluding events that have zero close events or more than one photodiode event within `max_len` time
Excluding event 0, off by -95 ms
Excluding event 75, off by -109 ms
Excluding event 98, no event found
Excluding event 150, off by -84 ms
Excluding event 223, no event found
Excluding event 225, off by -51 ms
Excluding event 231, no event found
Excluding event 256, no event found
Excluding event 294, no event found
Reading in /var/folders/s4/y1vlkn8d70jfw7s8s03m9p540000gn/T/tmp_mne_tempdir_upnicc0b/pd_data-raw.fif
Opening raw data file /var/folders/s4/y1vlkn8d70jfw7s8s03m9p540000gn/T/tmp_mne_tempdir_upnicc0b/pd_data-raw.fif...
Isotrak not found
    Range : 0 ... 2818157 =      0.000 ...  2819.815 secs
Ready.
Reading 0 ... 2818157  =      0.000 ...  2819.815 secs...
Reading in /var/folders/s4/y1vlkn8d70jfw7s8s03m9p540000gn/T/tmp_mne_tempdir_upnicc0b/pd_data-raw.fif
Opening raw data file /var/folders/s4/y1vlkn8d70jfw7s8s03m9p540000gn/T/tmp_mne_tempdir_upnicc0b/pd_data-raw.fif...
Isotrak not found
    Range : 0 ... 2818157 =      0.000 ...  2819.815 secs
Ready.
Reading 0 ... 2818157  =      0.000 ...  2819.815 secs...
Reading in /var/folders/s4/y1vlkn8d70jfw7s8s03m9p540000gn/T/tmp_mne_tempdir_upnicc0b/pd_data-raw.fif
Opening raw data file /var/folders/s4/y1vlkn8d70jfw7s8s03m9p540000gn/T/tmp_mne_tempdir_upnicc0b/pd_data-raw.fif...
Isotrak not found
    Range : 0 ... 2818157 =      0.000 ...  2819.815 secs
Ready.
Reading 0 ... 2818157  =      0.000 ...  2819.815 secs...
Writing /private/var/folders/s4/y1vlkn8d70jfw7s8s03m9p540000gn/T/tmp_mne_tempdir_upnicc0b/pd_data-rawpd_raw.fif
Closing /private/var/folders/s4/y1vlkn8d70jfw7s8s03m9p540000gn/T/tmp_mne_tempdir_upnicc0b/pd_data-rawpd_raw.fif [done]
Reading in /var/folders/s4/y1vlkn8d70jfw7s8s03m9p540000gn/T/tmp_mne_tempdir_upnicc0b/pd_data-raw.fif
Opening raw data file /var/folders/s4/y1vlkn8d70jfw7s8s03m9p540000gn/T/tmp_mne_tempdir_upnicc0b/pd_data-raw.fif...
Isotrak not found
    Range : 0 ... 2818157 =      0.000 ...  2819.815 secs
Ready.
Used Annotations descriptions: [&apos;Fixation&apos;, &apos;Go Cue&apos;, &apos;ISI Onset&apos;, &apos;Response&apos;, &apos;StimOff&apos;]
Opening raw data file /var/folders/s4/y1vlkn8d70jfw7s8s03m9p540000gn/T/tmp_mne_tempdir_upnicc0b/pd_data-raw.fif...
Isotrak not found
    Range : 0 ... 2818157 =      0.000 ...  2819.815 secs
Ready.
Creating folder: /var/folders/s4/y1vlkn8d70jfw7s8s03m9p540000gn/T/tmp_mne_tempdir_upnicc0b/bids_dir/sub-1/ieeg

Writing &apos;/var/folders/s4/y1vlkn8d70jfw7s8s03m9p540000gn/T/tmp_mne_tempdir_upnicc0b/bids_dir/README&apos;...

References
----------
Appelhoff, S., Sanderson, M., Brooks, T., Vliet, M., Quentin, R., Holdgraf, C., Chaumon, M., Mikulan, E., Tavabi, K., Höchenberger, R., Welke, D., Brunner, C., Rockhill, A., Larson, E., Gramfort, A. and Jas, M. (2019). MNE-BIDS: Organizing electrophysiological data into the BIDS format and facilitating their analysis. Journal of Open Source Software 4: (1896). https://doi.org/10.21105/joss.01896

Holdgraf, C., Appelhoff, S., Bickel, S., Bouchard, K., D&apos;Ambrosio, S., David, O., … Hermes, D. (2019). iEEG-BIDS, extending the Brain Imaging Data Structure specification to human intracranial electrophysiology. Scientific Data, 6, 102. https://doi.org/10.1038/s41597-019-0105-7


Writing &apos;/var/folders/s4/y1vlkn8d70jfw7s8s03m9p540000gn/T/tmp_mne_tempdir_upnicc0b/bids_dir/participants.tsv&apos;...

participant_id	age	sex	hand
sub-1	n/a	n/a	n/a

Writing &apos;/var/folders/s4/y1vlkn8d70jfw7s8s03m9p540000gn/T/tmp_mne_tempdir_upnicc0b/bids_dir/participants.json&apos;...

{
    &quot;participant_id&quot;: {
        &quot;Description&quot;: &quot;Unique participant identifier&quot;
    },
    &quot;age&quot;: {
        &quot;Description&quot;: &quot;Age of the participant at time of testing&quot;,
        &quot;Units&quot;: &quot;years&quot;
    },
    &quot;sex&quot;: {
        &quot;Description&quot;: &quot;Biological sex of the participant&quot;,
        &quot;Levels&quot;: {
            &quot;F&quot;: &quot;female&quot;,
            &quot;M&quot;: &quot;male&quot;
        }
    },
    &quot;hand&quot;: {
        &quot;Description&quot;: &quot;Handedness of the participant&quot;,
        &quot;Levels&quot;: {
            &quot;R&quot;: &quot;right&quot;,
            &quot;L&quot;: &quot;left&quot;,
            &quot;A&quot;: &quot;ambidextrous&quot;
        }
    }
}

Writing &apos;/var/folders/s4/y1vlkn8d70jfw7s8s03m9p540000gn/T/tmp_mne_tempdir_upnicc0b/bids_dir/sub-1/ieeg/sub-1_task-test_events.tsv&apos;...

onset	duration	trial_type	value	sample
210.7579025950803	0.0	Fixation	1	210634
211.4583143605909	0.0	ISI Onset	3	211334
211.4603155370638	0.0	StimOff	5	211336
212.18974436143122	0.0	Go Cue	2	212065
212.5599620089154	0.0	Response	4	212435

Writing &apos;/var/folders/s4/y1vlkn8d70jfw7s8s03m9p540000gn/T/tmp_mne_tempdir_upnicc0b/bids_dir/dataset_description.json&apos;...

{
    &quot;Name&quot;: &quot; &quot;,
    &quot;BIDSVersion&quot;: &quot;1.4.0&quot;,
    &quot;DatasetType&quot;: &quot;raw&quot;,
    &quot;Authors&quot;: [
        &quot;Please cite MNE-BIDS in your publication before removing this (citations in README)&quot;
    ]
}

Writing &apos;/var/folders/s4/y1vlkn8d70jfw7s8s03m9p540000gn/T/tmp_mne_tempdir_upnicc0b/bids_dir/sub-1/ieeg/sub-1_task-test_ieeg.json&apos;...

{
    &quot;TaskName&quot;: &quot;test&quot;,
    &quot;Manufacturer&quot;: &quot;Elekta&quot;,
    &quot;PowerLineFrequency&quot;: 60.0,
    &quot;SamplingFrequency&quot;: 999.412109375,
    &quot;SoftwareFilters&quot;: &quot;n/a&quot;,
    &quot;RecordingDuration&quot;: 2819.8147426514415,
    &quot;RecordingType&quot;: &quot;continuous&quot;,
    &quot;iEEGReference&quot;: &quot;n/a&quot;,
    &quot;ECOGChannelCount&quot;: 0,
    &quot;SEEGChannelCount&quot;: 3,
    &quot;EEGChannelCount&quot;: 0,
    &quot;EOGChannelCount&quot;: 0,
    &quot;ECGChannelCount&quot;: 0,
    &quot;EMGChannelCount&quot;: 0,
    &quot;MiscChannelCount&quot;: 0,
    &quot;TriggerChannelCount&quot;: 1
}

Writing &apos;/var/folders/s4/y1vlkn8d70jfw7s8s03m9p540000gn/T/tmp_mne_tempdir_upnicc0b/bids_dir/sub-1/ieeg/sub-1_task-test_channels.tsv&apos;...

name	type	units	low_cutoff	high_cutoff	description	sampling_frequency	status	status_description
pd	TRIG	n/a	0.0	499.7060546875	Trigger	999.412109375	good	n/a
ch1	SEEG	V	0.0	499.7060546875	StereoEEG	999.412109375	good	n/a
ch2	SEEG	V	0.0	499.7060546875	StereoEEG	999.412109375	good	n/a
ch3	SEEG	V	0.0	499.7060546875	StereoEEG	999.412109375	good	n/a

Writing &apos;/var/folders/s4/y1vlkn8d70jfw7s8s03m9p540000gn/T/tmp_mne_tempdir_upnicc0b/bids_dir/sub-1/sub-1_scans.tsv&apos;...

filename	acq_time
ieeg/sub-1_task-test_ieeg.vhdr	n/a
Wrote /var/folders/s4/y1vlkn8d70jfw7s8s03m9p540000gn/T/tmp_mne_tempdir_upnicc0b/bids_dir/sub-1/sub-1_scans.tsv entry with ieeg/sub-1_task-test_ieeg.vhdr.
</system-out><system-err>  0%|          | 0/22534 [00:00&lt;?, ?it/s]/Users/alexrockhill/projects/pd-parser/pd_parser/parse_pd.py:153: RuntimeWarning: divide by zero encountered in true_divide
  s = (pd[i:i + 2 * max_len_i] - np.median(b)) / np.std(b)
/Users/alexrockhill/projects/pd-parser/pd_parser/parse_pd.py:153: RuntimeWarning: invalid value encountered in true_divide
  s = (pd[i:i + 2 * max_len_i] - np.median(b)) / np.std(b)
  2%|▏         | 485/22534 [00:00&lt;00:04, 4846.46it/s]  5%|▍         | 1015/22534 [00:00&lt;00:04, 4973.76it/s]  7%|▋         | 1540/22534 [00:00&lt;00:04, 5052.64it/s]  9%|▉         | 2103/22534 [00:00&lt;00:03, 5211.45it/s] 12%|█▏        | 2667/22534 [00:00&lt;00:03, 5330.91it/s] 14%|█▍        | 3231/22534 [00:00&lt;00:03, 5419.18it/s] 17%|█▋        | 3787/22534 [00:00&lt;00:03, 5459.38it/s] 19%|█▉        | 4346/22534 [00:00&lt;00:03, 5496.57it/s] 22%|██▏       | 4912/22534 [00:00&lt;00:03, 5542.26it/s] 24%|██▍       | 5471/22534 [00:01&lt;00:03, 5553.48it/s] 27%|██▋       | 6026/22534 [00:01&lt;00:02, 5551.98it/s] 29%|██▉       | 6580/22534 [00:01&lt;00:02, 5547.52it/s] 32%|███▏      | 7135/22534 [00:01&lt;00:02, 5546.23it/s] 34%|███▍      | 7707/22534 [00:01&lt;00:02, 5594.34it/s] 37%|███▋      | 8264/22534 [00:01&lt;00:02, 5460.31it/s] 39%|███▉      | 8809/22534 [00:01&lt;00:02, 5422.91it/s] 42%|████▏     | 9369/22534 [00:01&lt;00:02, 5474.20it/s] 44%|████▍     | 9916/22534 [00:01&lt;00:02, 5437.07it/s] 46%|████▋     | 10474/22534 [00:01&lt;00:02, 5478.84it/s] 49%|████▉     | 11031/22534 [00:02&lt;00:02, 5503.74it/s] 51%|█████▏    | 11582/22534 [00:02&lt;00:02, 5448.76it/s] 54%|█████▍    | 12127/22534 [00:02&lt;00:01, 5374.92it/s] 56%|█████▋    | 12689/22534 [00:02&lt;00:01, 5445.66it/s] 59%|█████▉    | 13246/22534 [00:02&lt;00:01, 5481.76it/s] 61%|██████▏   | 13810/22534 [00:02&lt;00:01, 5526.83it/s] 64%|██████▍   | 14373/22534 [00:02&lt;00:01, 5556.46it/s] 66%|██████▋   | 14936/22534 [00:02&lt;00:01, 5576.18it/s] 69%|██████▉   | 15496/22534 [00:02&lt;00:01, 5581.67it/s] 71%|███████   | 16055/22534 [00:02&lt;00:01, 5577.58it/s] 74%|███████▎  | 16613/22534 [00:03&lt;00:01, 5564.70it/s] 76%|███████▌  | 17170/22534 [00:03&lt;00:00, 5564.47it/s] 79%|███████▊  | 17732/22534 [00:03&lt;00:00, 5580.96it/s] 81%|████████  | 18291/22534 [00:03&lt;00:00, 5566.29it/s] 84%|████████▎ | 18856/22534 [00:03&lt;00:00, 5590.39it/s] 86%|████████▌ | 19417/22534 [00:03&lt;00:00, 5595.66it/s] 89%|████████▊ | 19980/22534 [00:03&lt;00:00, 5604.38it/s] 91%|█████████ | 20549/22534 [00:03&lt;00:00, 5628.60it/s] 94%|█████████▎| 21112/22534 [00:03&lt;00:00, 5404.78it/s] 96%|█████████▌| 21655/22534 [00:03&lt;00:00, 5410.46it/s] 99%|█████████▊| 22198/22534 [00:04&lt;00:00, 5332.53it/s]100%|██████████| 22534/22534 [00:04&lt;00:00, 5489.72it/s]
  0%|          | 0/299 [00:00&lt;?, ?it/s]  2%|▏         | 6/299 [00:00&lt;00:05, 54.67it/s]  3%|▎         | 9/299 [00:00&lt;00:06, 41.68it/s]  4%|▍         | 12/299 [00:00&lt;00:07, 36.33it/s]  5%|▌         | 15/299 [00:00&lt;00:08, 33.71it/s]  7%|▋         | 21/299 [00:00&lt;00:07, 36.06it/s]  8%|▊         | 25/299 [00:00&lt;00:07, 34.54it/s] 10%|▉         | 29/299 [00:00&lt;00:08, 33.39it/s] 11%|█         | 33/299 [00:00&lt;00:08, 30.81it/s] 13%|█▎        | 38/299 [00:01&lt;00:07, 34.36it/s] 14%|█▍        | 42/299 [00:01&lt;00:08, 31.21it/s] 15%|█▌        | 46/299 [00:01&lt;00:08, 29.41it/s] 17%|█▋        | 50/299 [00:01&lt;00:08, 30.09it/s] 18%|█▊        | 54/299 [00:01&lt;00:08, 29.89it/s] 19%|█▉        | 58/299 [00:01&lt;00:08, 29.28it/s] 20%|██        | 61/299 [00:01&lt;00:08, 28.28it/s] 22%|██▏       | 65/299 [00:02&lt;00:08, 29.14it/s] 23%|██▎       | 69/299 [00:02&lt;00:07, 30.09it/s] 24%|██▍       | 73/299 [00:02&lt;00:07, 29.42it/s] 25%|██▌       | 76/299 [00:02&lt;00:08, 27.85it/s] 26%|██▋       | 79/299 [00:02&lt;00:08, 27.17it/s] 27%|██▋       | 82/299 [00:02&lt;00:08, 26.90it/s] 28%|██▊       | 85/299 [00:02&lt;00:07, 26.77it/s] 29%|██▉       | 88/299 [00:02&lt;00:07, 27.43it/s] 30%|███       | 91/299 [00:02&lt;00:07, 27.35it/s] 31%|███▏      | 94/299 [00:03&lt;00:07, 27.68it/s] 32%|███▏      | 97/299 [00:03&lt;00:07, 27.88it/s] 34%|███▍      | 101/299 [00:03&lt;00:06, 29.12it/s] 35%|███▌      | 105/299 [00:03&lt;00:06, 29.53it/s] 36%|███▋      | 109/299 [00:03&lt;00:06, 29.32it/s] 38%|███▊      | 113/299 [00:03&lt;00:06, 30.25it/s] 39%|███▉      | 117/299 [00:03&lt;00:05, 30.46it/s] 40%|████      | 121/299 [00:03&lt;00:05, 30.70it/s] 42%|████▏     | 125/299 [00:04&lt;00:05, 30.20it/s] 43%|████▎     | 129/299 [00:04&lt;00:05, 31.28it/s] 44%|████▍     | 133/299 [00:04&lt;00:05, 32.35it/s] 46%|████▌     | 137/299 [00:04&lt;00:05, 30.66it/s] 47%|████▋     | 141/299 [00:04&lt;00:05, 30.59it/s] 48%|████▊     | 145/299 [00:04&lt;00:05, 30.45it/s] 50%|████▉     | 149/299 [00:04&lt;00:04, 31.93it/s] 51%|█████     | 153/299 [00:04&lt;00:04, 33.17it/s] 53%|█████▎    | 157/299 [00:05&lt;00:04, 34.54it/s] 54%|█████▍    | 161/299 [00:05&lt;00:03, 35.50it/s] 55%|█████▌    | 165/299 [00:05&lt;00:03, 36.70it/s] 57%|█████▋    | 169/299 [00:05&lt;00:03, 36.59it/s] 58%|█████▊    | 174/299 [00:05&lt;00:03, 38.00it/s] 60%|█████▉    | 178/299 [00:05&lt;00:03, 37.40it/s] 61%|██████    | 183/299 [00:05&lt;00:03, 38.22it/s] 63%|██████▎   | 188/299 [00:05&lt;00:02, 39.28it/s] 65%|██████▍   | 193/299 [00:05&lt;00:02, 39.90it/s] 66%|██████▌   | 198/299 [00:06&lt;00:02, 39.74it/s] 68%|██████▊   | 203/299 [00:06&lt;00:02, 41.23it/s] 70%|██████▉   | 208/299 [00:06&lt;00:02, 42.50it/s] 71%|███████   | 213/299 [00:06&lt;00:02, 41.68it/s] 73%|███████▎  | 218/299 [00:06&lt;00:02, 39.64it/s] 75%|███████▍  | 223/299 [00:06&lt;00:02, 37.72it/s] 76%|███████▌  | 227/299 [00:06&lt;00:01, 36.26it/s] 78%|███████▊  | 233/299 [00:07&lt;00:01, 38.29it/s] 80%|███████▉  | 239/299 [00:07&lt;00:01, 41.72it/s] 82%|████████▏ | 244/299 [00:07&lt;00:01, 41.80it/s] 83%|████████▎ | 249/299 [00:07&lt;00:01, 39.34it/s] 85%|████████▍ | 254/299 [00:07&lt;00:01, 37.10it/s] 87%|████████▋ | 259/299 [00:07&lt;00:01, 38.18it/s] 89%|████████▉ | 266/299 [00:07&lt;00:00, 43.60it/s] 91%|█████████ | 272/299 [00:07&lt;00:00, 46.50it/s] 93%|█████████▎| 278/299 [00:07&lt;00:00, 49.54it/s] 96%|█████████▌| 286/299 [00:08&lt;00:00, 54.42it/s] 98%|█████████▊| 292/299 [00:08&lt;00:00, 52.06it/s]100%|█████████▉| 298/299 [00:08&lt;00:00, 48.32it/s]100%|██████████| 299/299 [00:08&lt;00:00, 35.65it/s]
/Users/alexrockhill/projects/pd-parser/pd_parser/parse_pd.py:896: RuntimeWarning: The unit for channel(s) pd has changed from V to NA.
  raw.set_channel_types({ch: &apos;stim&apos; for ch in pd_channels
/Users/alexrockhill/software/mne-bids/mne_bids/write.py:1115: RuntimeWarning: Converting data files to BrainVision format
  warn(&apos;Converting data files to BrainVision format&apos;)
</system-err></testcase><testcase classname="pd_parser.tests.test_parse_pd" file="pd_parser/tests/test_parse_pd.py" line="366" name="test_examples" time="32.615"><system-out>Creating RawArray with float64 data, n_channels=1, n_times=2044106
    Range : 0 ... 2044105 =      0.000 ...  2044.105 secs
Ready.
Creating RawArray with float64 data, n_channels=3, n_times=2044106
    Range : 0 ... 2044105 =      0.000 ...  2044.105 secs
Ready.
Writing /private/var/folders/s4/y1vlkn8d70jfw7s8s03m9p540000gn/T/tmp_mne_tempdir_1nbl0hhp/sub-1_task-mytask_raw.fif
Closing /private/var/folders/s4/y1vlkn8d70jfw7s8s03m9p540000gn/T/tmp_mne_tempdir_1nbl0hhp/sub-1_task-mytask_raw.fif [done]
Reading in /var/folders/s4/y1vlkn8d70jfw7s8s03m9p540000gn/T/tmp_mne_tempdir_1nbl0hhp/sub-1_task-mytask_raw.fif
Opening raw data file /var/folders/s4/y1vlkn8d70jfw7s8s03m9p540000gn/T/tmp_mne_tempdir_1nbl0hhp/sub-1_task-mytask_raw.fif...
Isotrak not found
    Range : 0 ... 2044105 =      0.000 ...  2044.105 secs
Ready.
Reading 0 ... 2044105  =      0.000 ...  2044.105 secs...
Finding photodiode events
297 up-deflection photodiode candidate events found
Checking best behavior-photodiode difference alignments
Best alignment with the photodiode shifted 12 ms relative to the first behavior event
errors: min -42, q1 -8, med -1, q3 9, max 75
Excluding events that have zero close events or more than one photodiode event within `max_len` time
Excluding event 9, no event found
Excluding event 27, no event found
Excluding event 37, off by 35 ms
Excluding event 115, off by -34 ms
Excluding event 116, off by 32 ms
Excluding event 143, off by -31 ms
Excluding event 153, off by -40 ms
Excluding event 154, off by 40 ms
Excluding event 167, off by -42 ms
Excluding event 235, no event found
Reading in /var/folders/s4/y1vlkn8d70jfw7s8s03m9p540000gn/T/tmp_mne_tempdir_1nbl0hhp/sub-1_task-mytask_raw.fif
Opening raw data file /var/folders/s4/y1vlkn8d70jfw7s8s03m9p540000gn/T/tmp_mne_tempdir_1nbl0hhp/sub-1_task-mytask_raw.fif...
Isotrak not found
    Range : 0 ... 2044105 =      0.000 ...  2044.105 secs
Ready.
Reading 0 ... 2044105  =      0.000 ...  2044.105 secs...
Used Annotations descriptions: [&apos;Stim Off&apos;, &apos;Stim On&apos;]
Mean difference in the recovered from simulated length is 0.254 milliseconds
After running this example, you can find the data here: /var/folders/s4/y1vlkn8d70jfw7s8s03m9p540000gn/T/tmp_mne_tempdir_7a8mak3x
Creating RawArray with float64 data, n_channels=1, n_times=2044106
    Range : 0 ... 2044105 =      0.000 ...  2044.105 secs
Ready.
Creating RawArray with float64 data, n_channels=3, n_times=2044106
    Range : 0 ... 2044105 =      0.000 ...  2044.105 secs
Ready.
Writing /private/var/folders/s4/y1vlkn8d70jfw7s8s03m9p540000gn/T/tmp_mne_tempdir_7a8mak3x/sub-1_task-mytask_raw.fif
Closing /private/var/folders/s4/y1vlkn8d70jfw7s8s03m9p540000gn/T/tmp_mne_tempdir_7a8mak3x/sub-1_task-mytask_raw.fif [done]
Reading in /var/folders/s4/y1vlkn8d70jfw7s8s03m9p540000gn/T/tmp_mne_tempdir_7a8mak3x/sub-1_task-mytask_raw.fif
Opening raw data file /var/folders/s4/y1vlkn8d70jfw7s8s03m9p540000gn/T/tmp_mne_tempdir_7a8mak3x/sub-1_task-mytask_raw.fif...
Isotrak not found
    Range : 0 ... 2044105 =      0.000 ...  2044.105 secs
Ready.
Reading 0 ... 2044105  =      0.000 ...  2044.105 secs...
Reading in /var/folders/s4/y1vlkn8d70jfw7s8s03m9p540000gn/T/tmp_mne_tempdir_7a8mak3x/sub-1_task-mytask_raw.fif
Opening raw data file /var/folders/s4/y1vlkn8d70jfw7s8s03m9p540000gn/T/tmp_mne_tempdir_7a8mak3x/sub-1_task-mytask_raw.fif...
Isotrak not found
    Range : 0 ... 2044105 =      0.000 ...  2044.105 secs
Ready.
Reading 0 ... 2044105  =      0.000 ...  2044.105 secs...
Finding photodiode events
298 up-deflection photodiode candidate events found
Checking best behavior-photodiode difference alignments
Best alignment with the photodiode shifted 12 ms relative to the first behavior event
errors: min -32, q1 -10, med 0, q3 10, max 75
Excluding events that have zero close events or more than one photodiode event within `max_len` time
Excluding event 5, off by 32 ms
Excluding event 7, off by -30 ms
Excluding event 8, off by 32 ms
Excluding event 9, no event found
Excluding event 14, off by -30 ms
Excluding event 27, no event found
Excluding event 76, off by -31 ms
Excluding event 96, off by 31 ms
Excluding event 98, off by -32 ms
Excluding event 235, no event found
Excluding event 279, off by 31 ms
Excluding event 289, off by -30 ms
Reading in /var/folders/s4/y1vlkn8d70jfw7s8s03m9p540000gn/T/tmp_mne_tempdir_7a8mak3x/sub-1_task-mytask_raw.fif
Opening raw data file /var/folders/s4/y1vlkn8d70jfw7s8s03m9p540000gn/T/tmp_mne_tempdir_7a8mak3x/sub-1_task-mytask_raw.fif...
Isotrak not found
    Range : 0 ... 2044105 =      0.000 ...  2044.105 secs
Ready.
Reading 0 ... 2044105  =      0.000 ...  2044.105 secs...
Reading in /var/folders/s4/y1vlkn8d70jfw7s8s03m9p540000gn/T/tmp_mne_tempdir_7a8mak3x/sub-1_task-mytask_raw.fif
Opening raw data file /var/folders/s4/y1vlkn8d70jfw7s8s03m9p540000gn/T/tmp_mne_tempdir_7a8mak3x/sub-1_task-mytask_raw.fif...
Isotrak not found
    Range : 0 ... 2044105 =      0.000 ...  2044.105 secs
Ready.
Used Annotations descriptions: [&apos;Fixation&apos;, &apos;Go Cue&apos;, &apos;Response&apos;]
Opening raw data file /var/folders/s4/y1vlkn8d70jfw7s8s03m9p540000gn/T/tmp_mne_tempdir_7a8mak3x/sub-1_task-mytask_raw.fif...
Isotrak not found
    Range : 0 ... 2044105 =      0.000 ...  2044.105 secs
Ready.
Creating folder: /var/folders/s4/y1vlkn8d70jfw7s8s03m9p540000gn/T/tmp_mne_tempdir_7a8mak3x/bids_dir/sub-1/ieeg

Writing &apos;/var/folders/s4/y1vlkn8d70jfw7s8s03m9p540000gn/T/tmp_mne_tempdir_7a8mak3x/bids_dir/README&apos;...

References
----------
Appelhoff, S., Sanderson, M., Brooks, T., Vliet, M., Quentin, R., Holdgraf, C., Chaumon, M., Mikulan, E., Tavabi, K., Höchenberger, R., Welke, D., Brunner, C., Rockhill, A., Larson, E., Gramfort, A. and Jas, M. (2019). MNE-BIDS: Organizing electrophysiological data into the BIDS format and facilitating their analysis. Journal of Open Source Software 4: (1896). https://doi.org/10.21105/joss.01896

Holdgraf, C., Appelhoff, S., Bickel, S., Bouchard, K., D&apos;Ambrosio, S., David, O., … Hermes, D. (2019). iEEG-BIDS, extending the Brain Imaging Data Structure specification to human intracranial electrophysiology. Scientific Data, 6, 102. https://doi.org/10.1038/s41597-019-0105-7


Writing &apos;/var/folders/s4/y1vlkn8d70jfw7s8s03m9p540000gn/T/tmp_mne_tempdir_7a8mak3x/bids_dir/participants.tsv&apos;...

participant_id	age	sex	hand
sub-1	n/a	n/a	n/a

Writing &apos;/var/folders/s4/y1vlkn8d70jfw7s8s03m9p540000gn/T/tmp_mne_tempdir_7a8mak3x/bids_dir/participants.json&apos;...

{
    &quot;participant_id&quot;: {
        &quot;Description&quot;: &quot;Unique participant identifier&quot;
    },
    &quot;age&quot;: {
        &quot;Description&quot;: &quot;Age of the participant at time of testing&quot;,
        &quot;Units&quot;: &quot;years&quot;
    },
    &quot;sex&quot;: {
        &quot;Description&quot;: &quot;Biological sex of the participant&quot;,
        &quot;Levels&quot;: {
            &quot;F&quot;: &quot;female&quot;,
            &quot;M&quot;: &quot;male&quot;
        }
    },
    &quot;hand&quot;: {
        &quot;Description&quot;: &quot;Handedness of the participant&quot;,
        &quot;Levels&quot;: {
            &quot;R&quot;: &quot;right&quot;,
            &quot;L&quot;: &quot;left&quot;,
            &quot;A&quot;: &quot;ambidextrous&quot;
        }
    }
}

Writing &apos;/var/folders/s4/y1vlkn8d70jfw7s8s03m9p540000gn/T/tmp_mne_tempdir_7a8mak3x/bids_dir/sub-1/ieeg/sub-1_task-mytask_events.tsv&apos;...

onset	duration	trial_type	value	sample
12.27	0.0	Fixation	1	12270
12.97	0.0	Go Cue	2	12970
14.996	0.0	Response	3	14996
18.299	0.0	Fixation	1	18299
18.999	0.0	Go Cue	2	18999

Writing &apos;/var/folders/s4/y1vlkn8d70jfw7s8s03m9p540000gn/T/tmp_mne_tempdir_7a8mak3x/bids_dir/dataset_description.json&apos;...

{
    &quot;Name&quot;: &quot; &quot;,
    &quot;BIDSVersion&quot;: &quot;1.4.0&quot;,
    &quot;DatasetType&quot;: &quot;raw&quot;,
    &quot;Authors&quot;: [
        &quot;Please cite MNE-BIDS in your publication before removing this (citations in README)&quot;
    ]
}

Writing &apos;/var/folders/s4/y1vlkn8d70jfw7s8s03m9p540000gn/T/tmp_mne_tempdir_7a8mak3x/bids_dir/sub-1/ieeg/sub-1_task-mytask_ieeg.json&apos;...

{
    &quot;TaskName&quot;: &quot;mytask&quot;,
    &quot;Manufacturer&quot;: &quot;Elekta&quot;,
    &quot;PowerLineFrequency&quot;: 60.0,
    &quot;SamplingFrequency&quot;: 1000.0,
    &quot;SoftwareFilters&quot;: &quot;n/a&quot;,
    &quot;RecordingDuration&quot;: 2044.105,
    &quot;RecordingType&quot;: &quot;continuous&quot;,
    &quot;iEEGReference&quot;: &quot;n/a&quot;,
    &quot;ECOGChannelCount&quot;: 0,
    &quot;SEEGChannelCount&quot;: 3,
    &quot;EEGChannelCount&quot;: 0,
    &quot;EOGChannelCount&quot;: 0,
    &quot;ECGChannelCount&quot;: 0,
    &quot;EMGChannelCount&quot;: 0,
    &quot;MiscChannelCount&quot;: 0,
    &quot;TriggerChannelCount&quot;: 1
}

Writing &apos;/var/folders/s4/y1vlkn8d70jfw7s8s03m9p540000gn/T/tmp_mne_tempdir_7a8mak3x/bids_dir/sub-1/ieeg/sub-1_task-mytask_channels.tsv&apos;...

name	type	units	low_cutoff	high_cutoff	description	sampling_frequency	status	status_description
pd	TRIG	n/a	0.0	500.0	Trigger	1000.0	good	n/a
ch1	SEEG	V	0.0	500.0	StereoEEG	1000.0	good	n/a
ch2	SEEG	V	0.0	500.0	StereoEEG	1000.0	good	n/a
ch3	SEEG	V	0.0	500.0	StereoEEG	1000.0	good	n/a

Writing &apos;/var/folders/s4/y1vlkn8d70jfw7s8s03m9p540000gn/T/tmp_mne_tempdir_7a8mak3x/bids_dir/sub-1/sub-1_scans.tsv&apos;...

filename	acq_time
ieeg/sub-1_task-mytask_ieeg.vhdr	n/a
Wrote /var/folders/s4/y1vlkn8d70jfw7s8s03m9p540000gn/T/tmp_mne_tempdir_7a8mak3x/bids_dir/sub-1/sub-1_scans.tsv entry with ieeg/sub-1_task-mytask_ieeg.vhdr.
</system-out><system-err>  0%|          | 0/10920 [00:00&lt;?, ?it/s]  4%|▍         | 453/10920 [00:00&lt;00:02, 4529.41it/s]  8%|▊         | 912/10920 [00:00&lt;00:02, 4545.52it/s] 13%|█▎        | 1373/10920 [00:00&lt;00:02, 4562.72it/s] 17%|█▋        | 1835/10920 [00:00&lt;00:01, 4577.24it/s] 21%|██        | 2297/10920 [00:00&lt;00:01, 4588.49it/s] 25%|██▌       | 2761/10920 [00:00&lt;00:01, 4601.77it/s] 30%|██▉       | 3224/10920 [00:00&lt;00:01, 4608.82it/s] 34%|███▎      | 3675/10920 [00:00&lt;00:01, 4578.10it/s] 38%|███▊      | 4140/10920 [00:00&lt;00:01, 4598.90it/s] 42%|████▏     | 4602/10920 [00:01&lt;00:01, 4605.18it/s] 46%|████▋     | 5062/10920 [00:01&lt;00:01, 4600.68it/s] 51%|█████     | 5520/10920 [00:01&lt;00:01, 4593.64it/s] 55%|█████▍    | 5981/10920 [00:01&lt;00:01, 4597.93it/s] 59%|█████▉    | 6438/10920 [00:01&lt;00:00, 4587.68it/s] 63%|██████▎   | 6900/10920 [00:01&lt;00:00, 4595.15it/s] 67%|██████▋   | 7359/10920 [00:01&lt;00:00, 4593.01it/s] 72%|███████▏  | 7820/10920 [00:01&lt;00:00, 4596.88it/s] 76%|███████▌  | 8280/10920 [00:01&lt;00:00, 4595.61it/s] 80%|████████  | 8739/10920 [00:01&lt;00:00, 4586.02it/s] 84%|████████▍ | 9198/10920 [00:02&lt;00:00, 4582.92it/s] 88%|████████▊ | 9663/10920 [00:02&lt;00:00, 4601.20it/s] 93%|█████████▎| 10123/10920 [00:02&lt;00:00, 4583.13it/s] 97%|█████████▋| 10584/10920 [00:02&lt;00:00, 4588.14it/s]100%|██████████| 10920/10920 [00:02&lt;00:00, 4594.72it/s]
  0%|          | 0/299 [00:00&lt;?, ?it/s]  1%|▏         | 4/299 [00:00&lt;00:07, 38.01it/s]  4%|▍         | 12/299 [00:00&lt;00:06, 42.62it/s]  6%|▌         | 18/299 [00:00&lt;00:06, 45.05it/s]  8%|▊         | 23/299 [00:00&lt;00:06, 44.53it/s] 10%|█         | 30/299 [00:00&lt;00:05, 46.60it/s] 12%|█▏        | 35/299 [00:00&lt;00:05, 46.97it/s] 13%|█▎        | 40/299 [00:00&lt;00:06, 41.79it/s] 15%|█▌        | 45/299 [00:01&lt;00:06, 39.70it/s] 16%|█▋        | 49/299 [00:01&lt;00:06, 37.97it/s] 18%|█▊        | 55/299 [00:01&lt;00:05, 42.18it/s] 20%|██        | 60/299 [00:01&lt;00:05, 39.90it/s] 22%|██▏       | 65/299 [00:01&lt;00:06, 35.92it/s] 23%|██▎       | 69/299 [00:01&lt;00:07, 32.37it/s] 24%|██▍       | 73/299 [00:01&lt;00:07, 32.06it/s] 26%|██▌       | 77/299 [00:01&lt;00:06, 31.82it/s] 27%|██▋       | 81/299 [00:02&lt;00:06, 33.20it/s] 28%|██▊       | 85/299 [00:02&lt;00:06, 33.17it/s] 30%|███       | 90/299 [00:02&lt;00:06, 34.72it/s] 31%|███▏      | 94/299 [00:02&lt;00:05, 36.10it/s] 33%|███▎      | 98/299 [00:02&lt;00:05, 34.34it/s] 34%|███▍      | 103/299 [00:02&lt;00:05, 37.18it/s] 36%|███▌      | 107/299 [00:02&lt;00:05, 35.17it/s] 37%|███▋      | 111/299 [00:02&lt;00:05, 33.36it/s] 39%|███▉      | 116/299 [00:03&lt;00:05, 34.36it/s] 40%|████      | 120/299 [00:03&lt;00:05, 34.44it/s] 41%|████▏     | 124/299 [00:03&lt;00:04, 35.37it/s] 43%|████▎     | 128/299 [00:03&lt;00:05, 33.99it/s] 44%|████▍     | 132/299 [00:03&lt;00:04, 35.52it/s] 45%|████▌     | 136/299 [00:03&lt;00:04, 32.99it/s] 47%|████▋     | 140/299 [00:03&lt;00:04, 33.01it/s] 48%|████▊     | 144/299 [00:03&lt;00:04, 32.42it/s] 50%|████▉     | 149/299 [00:03&lt;00:04, 34.58it/s] 51%|█████     | 153/299 [00:04&lt;00:04, 32.91it/s] 53%|█████▎    | 157/299 [00:04&lt;00:04, 33.31it/s] 54%|█████▍    | 161/299 [00:04&lt;00:04, 33.25it/s] 56%|█████▌    | 166/299 [00:04&lt;00:03, 35.74it/s] 57%|█████▋    | 171/299 [00:04&lt;00:03, 36.03it/s] 59%|█████▊    | 175/299 [00:04&lt;00:03, 34.67it/s] 60%|█████▉    | 179/299 [00:04&lt;00:03, 32.83it/s] 62%|██████▏   | 184/299 [00:05&lt;00:03, 34.90it/s] 64%|██████▎   | 190/299 [00:05&lt;00:02, 37.38it/s] 65%|██████▍   | 194/299 [00:05&lt;00:02, 37.20it/s] 67%|██████▋   | 199/299 [00:05&lt;00:02, 38.34it/s] 68%|██████▊   | 203/299 [00:05&lt;00:02, 38.47it/s] 70%|███████   | 210/299 [00:05&lt;00:02, 41.99it/s] 72%|███████▏  | 215/299 [00:05&lt;00:02, 40.83it/s] 74%|███████▎  | 220/299 [00:05&lt;00:02, 37.95it/s] 75%|███████▍  | 224/299 [00:05&lt;00:01, 38.48it/s] 77%|███████▋  | 229/299 [00:06&lt;00:01, 39.04it/s] 78%|███████▊  | 234/299 [00:06&lt;00:01, 40.75it/s] 80%|███████▉  | 239/299 [00:06&lt;00:01, 38.85it/s] 81%|████████▏ | 243/299 [00:06&lt;00:01, 38.31it/s] 83%|████████▎ | 248/299 [00:06&lt;00:01, 39.22it/s] 84%|████████▍ | 252/299 [00:06&lt;00:01, 39.04it/s] 87%|████████▋ | 259/299 [00:06&lt;00:00, 43.29it/s] 88%|████████▊ | 264/299 [00:06&lt;00:00, 44.52it/s] 90%|████████▉ | 269/299 [00:07&lt;00:00, 43.54it/s] 92%|█████████▏| 274/299 [00:07&lt;00:00, 42.60it/s] 93%|█████████▎| 279/299 [00:07&lt;00:00, 43.15it/s] 95%|█████████▌| 285/299 [00:07&lt;00:00, 45.31it/s] 98%|█████████▊| 292/299 [00:07&lt;00:00, 50.10it/s]100%|█████████▉| 298/299 [00:07&lt;00:00, 49.68it/s]100%|██████████| 299/299 [00:07&lt;00:00, 39.18it/s]
  0%|          | 0/10920 [00:00&lt;?, ?it/s]  4%|▍         | 450/10920 [00:00&lt;00:02, 4492.50it/s]  9%|▊         | 930/10920 [00:00&lt;00:02, 4578.87it/s] 13%|█▎        | 1407/10920 [00:00&lt;00:02, 4633.48it/s] 17%|█▋        | 1895/10920 [00:00&lt;00:01, 4704.04it/s] 22%|██▏       | 2376/10920 [00:00&lt;00:01, 4733.69it/s] 26%|██▌       | 2858/10920 [00:00&lt;00:01, 4756.39it/s] 30%|███       | 3301/10920 [00:00&lt;00:01, 4653.26it/s] 35%|███▍      | 3789/10920 [00:00&lt;00:01, 4718.63it/s] 39%|███▉      | 4277/10920 [00:00&lt;00:01, 4763.66it/s] 44%|████▎     | 4763/10920 [00:01&lt;00:01, 4791.96it/s] 48%|████▊     | 5246/10920 [00:01&lt;00:01, 4800.65it/s] 52%|█████▏    | 5732/10920 [00:01&lt;00:01, 4817.44it/s] 57%|█████▋    | 6219/10920 [00:01&lt;00:00, 4829.89it/s] 61%|██████▏   | 6703/10920 [00:01&lt;00:00, 4830.59it/s] 66%|██████▌   | 7188/10920 [00:01&lt;00:00, 4833.69it/s] 70%|███████   | 7670/10920 [00:01&lt;00:00, 4814.13it/s] 75%|███████▍  | 8151/10920 [00:01&lt;00:00, 4798.37it/s] 79%|███████▉  | 8638/10920 [00:01&lt;00:00, 4819.22it/s] 84%|████████▎ | 9123/10920 [00:01&lt;00:00, 4828.17it/s] 88%|████████▊ | 9609/10920 [00:02&lt;00:00, 4837.41it/s] 92%|█████████▏| 10093/10920 [00:02&lt;00:00, 4837.58it/s] 97%|█████████▋| 10580/10920 [00:02&lt;00:00, 4844.43it/s]100%|██████████| 10920/10920 [00:02&lt;00:00, 4801.42it/s]
  0%|          | 0/299 [00:00&lt;?, ?it/s]  1%|▏         | 4/299 [00:00&lt;00:07, 37.80it/s]  3%|▎         | 10/299 [00:00&lt;00:06, 41.43it/s]  5%|▌         | 16/299 [00:00&lt;00:06, 44.63it/s]  8%|▊         | 23/299 [00:00&lt;00:05, 47.09it/s]  9%|▉         | 28/299 [00:00&lt;00:05, 46.38it/s] 11%|█▏        | 34/299 [00:00&lt;00:05, 49.40it/s] 13%|█▎        | 40/299 [00:00&lt;00:05, 47.49it/s] 15%|█▌        | 45/299 [00:00&lt;00:05, 46.81it/s] 17%|█▋        | 50/299 [00:01&lt;00:05, 42.07it/s] 18%|█▊        | 55/299 [00:01&lt;00:05, 41.61it/s] 20%|██        | 60/299 [00:01&lt;00:05, 42.37it/s] 22%|██▏       | 65/299 [00:01&lt;00:05, 40.06it/s] 23%|██▎       | 70/299 [00:01&lt;00:05, 41.26it/s] 25%|██▌       | 75/299 [00:01&lt;00:05, 40.19it/s] 27%|██▋       | 80/299 [00:01&lt;00:05, 40.51it/s] 28%|██▊       | 85/299 [00:01&lt;00:05, 40.14it/s] 30%|███       | 90/299 [00:02&lt;00:04, 41.86it/s] 32%|███▏      | 95/299 [00:02&lt;00:05, 40.70it/s] 33%|███▎      | 100/299 [00:02&lt;00:04, 41.16it/s] 35%|███▌      | 105/299 [00:02&lt;00:04, 42.48it/s] 37%|███▋      | 110/299 [00:02&lt;00:04, 41.98it/s] 38%|███▊      | 115/299 [00:02&lt;00:04, 41.19it/s] 40%|████      | 120/299 [00:02&lt;00:04, 37.41it/s] 41%|████▏     | 124/299 [00:02&lt;00:05, 34.62it/s] 43%|████▎     | 128/299 [00:03&lt;00:05, 34.09it/s] 44%|████▍     | 133/299 [00:03&lt;00:04, 36.48it/s] 46%|████▌     | 138/299 [00:03&lt;00:04, 37.17it/s] 47%|████▋     | 142/299 [00:03&lt;00:04, 35.96it/s] 49%|████▉     | 147/299 [00:03&lt;00:03, 38.56it/s] 51%|█████     | 151/299 [00:03&lt;00:03, 38.08it/s] 52%|█████▏    | 155/299 [00:03&lt;00:03, 36.81it/s] 53%|█████▎    | 159/299 [00:03&lt;00:03, 36.10it/s] 55%|█████▍    | 163/299 [00:03&lt;00:03, 36.43it/s] 56%|█████▌    | 167/299 [00:04&lt;00:03, 35.81it/s] 57%|█████▋    | 171/299 [00:04&lt;00:03, 33.65it/s] 59%|█████▉    | 176/299 [00:04&lt;00:03, 34.34it/s] 61%|██████    | 181/299 [00:04&lt;00:03, 37.43it/s] 62%|██████▏   | 185/299 [00:04&lt;00:03, 35.68it/s] 63%|██████▎   | 189/299 [00:04&lt;00:03, 35.79it/s] 65%|██████▍   | 193/299 [00:04&lt;00:03, 33.78it/s] 66%|██████▌   | 197/299 [00:04&lt;00:03, 33.29it/s] 68%|██████▊   | 202/299 [00:05&lt;00:02, 34.64it/s] 69%|██████▉   | 206/299 [00:05&lt;00:02, 34.37it/s] 71%|███████   | 212/299 [00:05&lt;00:02, 37.79it/s] 73%|███████▎  | 217/299 [00:05&lt;00:02, 38.16it/s] 74%|███████▍  | 221/299 [00:05&lt;00:02, 37.53it/s] 75%|███████▌  | 225/299 [00:05&lt;00:02, 36.81it/s] 77%|███████▋  | 230/299 [00:05&lt;00:01, 38.92it/s] 79%|███████▊  | 235/299 [00:05&lt;00:01, 38.50it/s] 80%|███████▉  | 239/299 [00:06&lt;00:01, 35.81it/s] 82%|████████▏ | 244/299 [00:06&lt;00:01, 37.11it/s] 83%|████████▎ | 248/299 [00:06&lt;00:01, 35.06it/s] 84%|████████▍ | 252/299 [00:06&lt;00:01, 36.20it/s] 86%|████████▌ | 257/299 [00:06&lt;00:01, 37.92it/s] 89%|████████▊ | 265/299 [00:06&lt;00:00, 44.45it/s] 90%|█████████ | 270/299 [00:06&lt;00:00, 41.99it/s] 93%|█████████▎| 277/299 [00:06&lt;00:00, 47.15it/s] 95%|█████████▍| 283/299 [00:07&lt;00:00, 45.38it/s] 96%|█████████▋| 288/299 [00:07&lt;00:00, 46.57it/s] 98%|█████████▊| 293/299 [00:07&lt;00:00, 43.38it/s]100%|██████████| 299/299 [00:07&lt;00:00, 47.14it/s]100%|██████████| 299/299 [00:07&lt;00:00, 40.53it/s]
/Users/alexrockhill/projects/pd-parser/pd_parser/parse_pd.py:896: RuntimeWarning: The unit for channel(s) pd has changed from V to NA.
  raw.set_channel_types({ch: &apos;stim&apos; for ch in pd_channels
/Users/alexrockhill/software/mne-bids/mne_bids/write.py:1115: RuntimeWarning: Converting data files to BrainVision format
  warn(&apos;Converting data files to BrainVision format&apos;)
</system-err></testcase></testsuite></testsuites>