<?xml version="1.0" encoding="utf-8"?><testsuites><testsuite errors="0" failures="0" hostname="Alexs-MacBook-Pro.local" name="pytest" skipped="0" tests="1" time="38.476" timestamp="2020-08-17T19:24:08.541677"><testcase classname="pd_parser.tests.test_parse_pd" file="pd_parser/tests/test_parse_pd.py" line="50" name="test_parse_pd" time="36.232"></testcase></testsuite></testsuites>