<?xml version="1.0" encoding="utf-8"?><testsuites><testsuite errors="0" failures="0" hostname="Alexs-MacBook-Pro.local" name="pytest" skipped="0" tests="3" time="34.989" timestamp="2020-09-05T18:03:20.028258"><testcase classname="pd_parser.tests.test_parse_pd" file="pd_parser/tests/test_parse_pd.py" line="69" name="test_core" time="1.738"><system-out>Creating RawArray with float64 data, n_channels=1, n_times=84876
    Range : 0 ... 84875 =      0.000 ...    84.875 secs
Ready.
Writing /private/var/folders/s4/y1vlkn8d70jfw7s8s03m9p540000gn/T/tmp_mne_tempdir_r9_1_60t/test-raw.fif
Closing /private/var/folders/s4/y1vlkn8d70jfw7s8s03m9p540000gn/T/tmp_mne_tempdir_r9_1_60t/test-raw.fif [done]
Reading in foo.bar
Reading in /var/folders/s4/y1vlkn8d70jfw7s8s03m9p540000gn/T/tmp_mne_tempdir_r9_1_60t/test-raw.fif
Opening raw data file /var/folders/s4/y1vlkn8d70jfw7s8s03m9p540000gn/T/tmp_mne_tempdir_r9_1_60t/test-raw.fif...
Isotrak not found
    Range : 0 ... 84875 =      0.000 ...    84.875 secs
Ready.
Reading 0 ... 84875  =      0.000 ...    84.875 secs...
Creating RawArray with float64 data, n_channels=1, n_times=84876
    Range : 0 ... 84875 =      0.000 ...    84.875 secs
Ready.
Finding photodiode events
10 photodiode candidate events found
Checking best behavior-photodiode difference alignments
Best alignment with the photodiode shifted 25 ms relative to the first behavior event errors: min -16, q1 -12, med -1, q3 12, max 28
Excluding events that have zero close events or more than one photodiode event within `chunk` time
Used Annotations descriptions: [&apos;Fixation&apos;]
Reading in /var/folders/s4/y1vlkn8d70jfw7s8s03m9p540000gn/T/tmp_mne_tempdir_r9_1_60t/test-raw.fif
Opening raw data file /var/folders/s4/y1vlkn8d70jfw7s8s03m9p540000gn/T/tmp_mne_tempdir_r9_1_60t/test-raw.fif...
Isotrak not found
    Range : 0 ... 84875 =      0.000 ...    84.875 secs
Ready.
Reading 0 ... 84875  =      0.000 ...    84.875 secs...
Finding photodiode events
10 photodiode candidate events found
No behavioral tsv file was provided so the photodiode events will be returned without validation by task timing
Used Annotations descriptions: [&apos;Fixation&apos;]
Excluding events that have zero close events or more than one photodiode event within `chunk` time
Excluding event 1, off by 64.0 ms
Excluding event 2, off by -57.0 ms
</system-out><system-err>  0%|          | 0/660 [00:00&lt;?, ?it/s] 59%|█████▊    | 387/660 [00:00&lt;00:00, 3866.98it/s]100%|██████████| 660/660 [00:00&lt;00:00, 3996.27it/s]
  0%|          | 0/6 [00:00&lt;?, ?it/s]100%|██████████| 6/6 [00:00&lt;00:00, 1157.63it/s]
  0%|          | 0/328 [00:00&lt;?, ?it/s] 94%|█████████▍| 309/328 [00:00&lt;00:00, 3081.34it/s]100%|██████████| 328/328 [00:00&lt;00:00, 3115.45it/s]
</system-err></testcase><testcase classname="pd_parser.tests.test_parse_pd" file="pd_parser/tests/test_parse_pd.py" line="206" name="test_two_pd_alignment" time="0.550"><system-out>Creating RawArray with float64 data, n_channels=1, n_times=84876
    Range : 0 ... 84875 =      0.000 ...    84.875 secs
Ready.
Writing /private/var/folders/s4/y1vlkn8d70jfw7s8s03m9p540000gn/T/tmp_mne_tempdir_tfmtttlz/test-raw.fif
Closing /private/var/folders/s4/y1vlkn8d70jfw7s8s03m9p540000gn/T/tmp_mne_tempdir_tfmtttlz/test-raw.fif [done]
Reading in /var/folders/s4/y1vlkn8d70jfw7s8s03m9p540000gn/T/tmp_mne_tempdir_tfmtttlz/test-raw.fif
Opening raw data file /var/folders/s4/y1vlkn8d70jfw7s8s03m9p540000gn/T/tmp_mne_tempdir_tfmtttlz/test-raw.fif...
Isotrak not found
    Range : 0 ... 84875 =      0.000 ...    84.875 secs
Ready.
Reading 0 ... 84875  =      0.000 ...    84.875 secs...
Finding photodiode events
10 photodiode candidate events found
Checking best behavior-photodiode difference alignments
Best alignment with the photodiode shifted 12 ms relative to the first behavior event errors: min -26, q1 -24, med -19, q3 14, max 29
Excluding events that have zero close events or more than one photodiode event within `chunk` time
Reading in /var/folders/s4/y1vlkn8d70jfw7s8s03m9p540000gn/T/tmp_mne_tempdir_tfmtttlz/test-raw.fif
Opening raw data file /var/folders/s4/y1vlkn8d70jfw7s8s03m9p540000gn/T/tmp_mne_tempdir_tfmtttlz/test-raw.fif...
Isotrak not found
    Range : 0 ... 84875 =      0.000 ...    84.875 secs
Ready.
Reading 0 ... 84875  =      0.000 ...    84.875 secs...
Finding photodiode events
10 photodiode candidate events found
Checking best behavior-photodiode difference alignments
Best alignment with the photodiode shifted 18 ms relative to the first behavior event errors: min -43, q1 -12, med -0, q3 12, max 46
Excluding events that have zero close events or more than one photodiode event within `chunk` time
Used Annotations descriptions: [&apos;Fixation&apos;, &apos;Response&apos;]
</system-out><system-err>  0%|          | 0/328 [00:00&lt;?, ?it/s]100%|██████████| 328/328 [00:00&lt;00:00, 3596.81it/s]
  0%|          | 0/4 [00:00&lt;?, ?it/s]100%|██████████| 4/4 [00:00&lt;00:00, 635.02it/s]
  0%|          | 0/328 [00:00&lt;?, ?it/s] 86%|████████▌ | 281/328 [00:00&lt;00:00, 2741.92it/s]100%|██████████| 328/328 [00:00&lt;00:00, 2753.79it/s]
  0%|          | 0/3 [00:00&lt;?, ?it/s]100%|██████████| 3/3 [00:00&lt;00:00, 1114.81it/s]
</system-err></testcase><testcase classname="pd_parser.tests.test_parse_pd" file="pd_parser/tests/test_parse_pd.py" line="250" name="test_parse_pd" time="28.188"><system-out>Creating RawArray with float64 data, n_channels=3, n_times=2818158
    Range : 0 ... 2818157 =      0.000 ...  2819.815 secs
Ready.
Writing /private/var/folders/s4/y1vlkn8d70jfw7s8s03m9p540000gn/T/tmp_mne_tempdir_cp0shl17/pd_data-raw.fif
Closing /private/var/folders/s4/y1vlkn8d70jfw7s8s03m9p540000gn/T/tmp_mne_tempdir_cp0shl17/pd_data-raw.fif [done]
Reading in /var/folders/s4/y1vlkn8d70jfw7s8s03m9p540000gn/T/tmp_mne_tempdir_cp0shl17/pd_data-raw.fif
Opening raw data file /var/folders/s4/y1vlkn8d70jfw7s8s03m9p540000gn/T/tmp_mne_tempdir_cp0shl17/pd_data-raw.fif...
Isotrak not found
    Range : 0 ... 2818157 =      0.000 ...  2819.815 secs
Ready.
Reading 0 ... 2818157  =      0.000 ...  2819.815 secs...
Reading in /var/folders/s4/y1vlkn8d70jfw7s8s03m9p540000gn/T/tmp_mne_tempdir_cp0shl17/pd_data-raw.fif
Opening raw data file /var/folders/s4/y1vlkn8d70jfw7s8s03m9p540000gn/T/tmp_mne_tempdir_cp0shl17/pd_data-raw.fif...
Isotrak not found
    Range : 0 ... 2818157 =      0.000 ...  2819.815 secs
Ready.
Reading 0 ... 2818157  =      0.000 ...  2819.815 secs...
Finding photodiode events
313 photodiode candidate events found
Checking best behavior-photodiode difference alignments
Best alignment with the photodiode shifted 203 ms relative to the first behavior event errors: min -50, q1 -9, med -5, q3 -1, max 75
Excluding events that have zero close events or more than one photodiode event within `chunk` time
Excluding event 0, off by -114.07 ms
Excluding event 75, off by -108.06 ms
Excluding event 150, off by -83.05 ms
Excluding event 225, off by -50.03 ms
Excluding event 294, no event found
Opening raw data file /var/folders/s4/y1vlkn8d70jfw7s8s03m9p540000gn/T/tmp_mne_tempdir_cp0shl17/pd_data-raw.fif...
Isotrak not found
    Range : 0 ... 2818157 =      0.000 ...  2819.815 secs
Ready.
Used Annotations descriptions: [&apos;Fixation&apos;]
Reading in /var/folders/s4/y1vlkn8d70jfw7s8s03m9p540000gn/T/tmp_mne_tempdir_cp0shl17/pd_data-raw.fif
Opening raw data file /var/folders/s4/y1vlkn8d70jfw7s8s03m9p540000gn/T/tmp_mne_tempdir_cp0shl17/pd_data-raw.fif...
Isotrak not found
    Range : 0 ... 2818157 =      0.000 ...  2819.815 secs
Ready.
Reading 0 ... 2818157  =      0.000 ...  2819.815 secs...
Used Annotations descriptions: [&apos;Fixation&apos;, &apos;Go Cue&apos;, &apos;ISI Onset&apos;, &apos;Response&apos;]
Reading in /var/folders/s4/y1vlkn8d70jfw7s8s03m9p540000gn/T/tmp_mne_tempdir_cp0shl17/pd_data-raw.fif
Opening raw data file /var/folders/s4/y1vlkn8d70jfw7s8s03m9p540000gn/T/tmp_mne_tempdir_cp0shl17/pd_data-raw.fif...
Isotrak not found
    Range : 0 ... 2818157 =      0.000 ...  2819.815 secs
Ready.
Reading 0 ... 2818157  =      0.000 ...  2819.815 secs...
Writing /private/var/folders/s4/y1vlkn8d70jfw7s8s03m9p540000gn/T/tmp_mne_tempdir_cp0shl17/pd_data-rawpd_raw.fif
Closing /private/var/folders/s4/y1vlkn8d70jfw7s8s03m9p540000gn/T/tmp_mne_tempdir_cp0shl17/pd_data-rawpd_raw.fif [done]
Opening raw data file /var/folders/s4/y1vlkn8d70jfw7s8s03m9p540000gn/T/tmp_mne_tempdir_cp0shl17/pd_data-rawpd_raw.fif...
Isotrak not found
    Range : 0 ... 2818157 =      0.000 ...  2819.815 secs
Ready.
Used Annotations descriptions: [&apos;Fixation&apos;, &apos;Go Cue&apos;, &apos;ISI Onset&apos;, &apos;Response&apos;]
Opening raw data file /var/folders/s4/y1vlkn8d70jfw7s8s03m9p540000gn/T/tmp_mne_tempdir_cp0shl17/pd_data-raw.fif...
Isotrak not found
    Range : 0 ... 2818157 =      0.000 ...  2819.815 secs
Ready.
Used Annotations descriptions: [&apos;Fixation&apos;, &apos;Go Cue&apos;, &apos;ISI Onset&apos;, &apos;Response&apos;]
Opening raw data file /var/folders/s4/y1vlkn8d70jfw7s8s03m9p540000gn/T/tmp_mne_tempdir_cp0shl17/pd_data-raw.fif...
Isotrak not found
    Range : 0 ... 2818157 =      0.000 ...  2819.815 secs
Ready.
Running subprocess: bids-validator --config.error=41 /var/folders/s4/y1vlkn8d70jfw7s8s03m9p540000gn/T/tmp_mne_tempdir_cp0shl17/bids_dir
bids-validator@1.5.2



	#x1B[33m1: [WARN] Tabular file contains custom columns not described in a data dictionary (code: 82 - CUSTOM_COLUMN_WITHOUT_DESCRIPTION)#x1B[39m

		./sub-1/beh/sub-1_task-test_beh.tsv

			Evidence: Columns: fix_onset_time, fix_duration, go_time, response_time, pd_sample not defined, please define in: /task-test_beh.json, /beh.json,/sub-1/sub-1_task-test_beh.json,/sub-1/sub-1_beh.json,/sub-1/beh/sub-1_task-test_beh.json,/sub-1/beh/sub-1_beh.json



#x1B[36m	Please visit https://neurostars.org/search?q=CUSTOM_COLUMN_WITHOUT_DESCRIPTION for existing conversations about this issue.#x1B[39m



	#x1B[33m2: [WARN] The Authors field of dataset_description.json should contain an array of fields - with one author per field. This was triggered based on the presence of only one author field. Please ignore if all contributors are already properly listed. (code: 102 - TOO_FEW_AUTHORS)#x1B[39m



#x1B[36m	Please visit https://neurostars.org/search?q=TOO_FEW_AUTHORS for existing conversations about this issue.#x1B[39m





        #x1B[34m#x1B[4mSummary:#x1B[24m#x1B[39m                #x1B[34m#x1B[4mAvailable Tasks:#x1B[24m#x1B[39m        #x1B[34m#x1B[4mAvailable Modalities:#x1B[24m#x1B[39m 

        12 Files, 43.1MB        test                    beh                   

        1 - Subject                                     channels              

        1 - Session                                     events                

                                                        ieeg                  





#x1B[36m	If you have any questions, please post on https://neurostars.org/tags/bids.#x1B[39m



</system-out><system-err>  0%|          | 0/11261 [00:00&lt;?, ?it/s]  3%|▎         | 321/11261 [00:00&lt;00:03, 3205.87it/s]  6%|▌         | 698/11261 [00:00&lt;00:03, 3354.68it/s]  9%|▉         | 1034/11261 [00:00&lt;00:03, 3355.29it/s] 12%|█▏        | 1338/11261 [00:00&lt;00:03, 3252.93it/s] 15%|█▍        | 1661/11261 [00:00&lt;00:02, 3245.98it/s] 17%|█▋        | 1933/11261 [00:00&lt;00:03, 2752.57it/s] 20%|██        | 2297/11261 [00:00&lt;00:03, 2969.57it/s] 23%|██▎       | 2632/11261 [00:00&lt;00:02, 3073.54it/s] 26%|██▌       | 2944/11261 [00:00&lt;00:02, 3085.69it/s] 29%|██▉       | 3281/11261 [00:01&lt;00:02, 3165.70it/s] 32%|███▏      | 3631/11261 [00:01&lt;00:02, 3257.65it/s] 35%|███▌      | 3956/11261 [00:01&lt;00:02, 3157.65it/s] 38%|███▊      | 4284/11261 [00:01&lt;00:02, 3193.02it/s] 41%|████      | 4644/11261 [00:01&lt;00:02, 3303.43it/s] 44%|████▍     | 4976/11261 [00:01&lt;00:02, 2928.26it/s] 47%|████▋     | 5278/11261 [00:01&lt;00:02, 2734.60it/s] 49%|████▉     | 5560/11261 [00:01&lt;00:02, 2714.30it/s] 52%|█████▏    | 5838/11261 [00:02&lt;00:02, 1935.99it/s] 54%|█████▍    | 6067/11261 [00:02&lt;00:02, 1890.40it/s] 56%|█████▌    | 6282/11261 [00:02&lt;00:02, 1866.17it/s] 58%|█████▊    | 6487/11261 [00:02&lt;00:02, 1862.90it/s] 60%|██████    | 6811/11261 [00:02&lt;00:02, 2134.66it/s] 63%|██████▎   | 7120/11261 [00:02&lt;00:01, 2352.53it/s] 67%|██████▋   | 7497/11261 [00:02&lt;00:01, 2651.20it/s] 70%|██████▉   | 7831/11261 [00:02&lt;00:01, 2823.44it/s] 73%|███████▎  | 8170/11261 [00:02&lt;00:01, 2972.00it/s] 76%|███████▌  | 8510/11261 [00:03&lt;00:00, 3088.22it/s] 78%|███████▊  | 8833/11261 [00:03&lt;00:00, 3126.92it/s] 82%|████████▏ | 9202/11261 [00:03&lt;00:00, 3276.06it/s] 85%|████████▍ | 9539/11261 [00:03&lt;00:00, 2862.07it/s] 87%|████████▋ | 9850/11261 [00:03&lt;00:00, 2930.32it/s] 90%|█████████ | 10171/11261 [00:03&lt;00:00, 3008.28it/s] 94%|█████████▎| 10534/11261 [00:03&lt;00:00, 3158.86it/s] 96%|█████████▋| 10865/11261 [00:03&lt;00:00, 3193.73it/s]100%|█████████▉| 11208/11261 [00:03&lt;00:00, 3260.62it/s]100%|██████████| 11261/11261 [00:03&lt;00:00, 2893.93it/s]
  0%|          | 0/299 [00:00&lt;?, ?it/s]  1%|          | 3/299 [00:00&lt;00:13, 22.43it/s]  2%|▏         | 6/299 [00:00&lt;00:14, 20.67it/s]  3%|▎         | 8/299 [00:00&lt;00:14, 19.48it/s]  3%|▎         | 10/299 [00:00&lt;00:15, 18.38it/s]  4%|▍         | 12/299 [00:00&lt;00:17, 16.65it/s]  5%|▍         | 14/299 [00:00&lt;00:18, 15.81it/s]  5%|▌         | 16/299 [00:00&lt;00:18, 14.97it/s]  6%|▋         | 19/299 [00:01&lt;00:17, 16.29it/s]  7%|▋         | 21/299 [00:01&lt;00:16, 16.69it/s]  8%|▊         | 23/299 [00:01&lt;00:18, 15.07it/s]  8%|▊         | 25/299 [00:01&lt;00:20, 13.61it/s]  9%|▉         | 27/299 [00:01&lt;00:20, 13.00it/s] 10%|▉         | 29/299 [00:01&lt;00:23, 11.39it/s] 10%|█         | 31/299 [00:02&lt;00:27,  9.85it/s] 11%|█         | 33/299 [00:02&lt;00:27,  9.71it/s] 12%|█▏        | 35/299 [00:02&lt;00:23, 11.13it/s] 12%|█▏        | 37/299 [00:02&lt;00:20, 12.68it/s] 13%|█▎        | 39/299 [00:03&lt;00:35,  7.30it/s] 14%|█▎        | 41/299 [00:03&lt;00:33,  7.71it/s] 14%|█▍        | 43/299 [00:03&lt;00:36,  7.01it/s] 15%|█▍        | 44/299 [00:03&lt;00:36,  7.04it/s] 15%|█▌        | 45/299 [00:04&lt;00:38,  6.58it/s] 16%|█▌        | 47/299 [00:04&lt;00:32,  7.81it/s] 16%|█▋        | 49/299 [00:04&lt;00:26,  9.37it/s] 17%|█▋        | 52/299 [00:04&lt;00:22, 11.03it/s] 18%|█▊        | 55/299 [00:04&lt;00:19, 12.81it/s] 19%|█▉        | 57/299 [00:04&lt;00:17, 13.55it/s] 20%|█▉        | 59/299 [00:04&lt;00:16, 14.24it/s] 21%|██        | 62/299 [00:05&lt;00:15, 15.72it/s] 21%|██▏       | 64/299 [00:05&lt;00:14, 16.20it/s] 22%|██▏       | 67/299 [00:05&lt;00:12, 18.33it/s] 23%|██▎       | 70/299 [00:05&lt;00:12, 18.42it/s] 24%|██▍       | 73/299 [00:05&lt;00:11, 19.08it/s] 25%|██▌       | 76/299 [00:05&lt;00:12, 17.47it/s] 26%|██▋       | 79/299 [00:05&lt;00:11, 18.46it/s] 27%|██▋       | 81/299 [00:06&lt;00:12, 17.87it/s] 28%|██▊       | 83/299 [00:06&lt;00:12, 17.95it/s] 28%|██▊       | 85/299 [00:06&lt;00:11, 18.04it/s] 29%|██▉       | 87/299 [00:06&lt;00:12, 17.33it/s] 30%|██▉       | 89/299 [00:06&lt;00:12, 16.83it/s] 31%|███       | 92/299 [00:06&lt;00:11, 17.54it/s] 32%|███▏      | 95/299 [00:06&lt;00:11, 18.34it/s] 32%|███▏      | 97/299 [00:06&lt;00:10, 18.45it/s] 33%|███▎      | 99/299 [00:07&lt;00:10, 18.35it/s] 34%|███▍      | 102/299 [00:07&lt;00:09, 20.00it/s] 35%|███▌      | 105/299 [00:07&lt;00:10, 18.62it/s] 36%|███▌      | 107/299 [00:07&lt;00:10, 18.26it/s] 37%|███▋      | 110/299 [00:07&lt;00:09, 18.98it/s] 38%|███▊      | 114/299 [00:07&lt;00:08, 21.29it/s] 39%|███▉      | 118/299 [00:07&lt;00:07, 23.28it/s] 41%|████      | 122/299 [00:08&lt;00:07, 25.09it/s] 42%|████▏     | 126/299 [00:08&lt;00:06, 27.17it/s] 43%|████▎     | 130/299 [00:08&lt;00:05, 28.90it/s] 45%|████▍     | 134/299 [00:08&lt;00:05, 30.64it/s] 46%|████▌     | 138/299 [00:08&lt;00:05, 31.21it/s] 47%|████▋     | 142/299 [00:08&lt;00:05, 28.67it/s] 48%|████▊     | 145/299 [00:08&lt;00:08, 17.97it/s] 49%|████▉     | 148/299 [00:09&lt;00:08, 17.07it/s] 51%|█████     | 151/299 [00:09&lt;00:08, 17.70it/s] 52%|█████▏    | 154/299 [00:09&lt;00:07, 18.87it/s] 53%|█████▎    | 158/299 [00:09&lt;00:06, 21.84it/s] 54%|█████▍    | 162/299 [00:09&lt;00:05, 25.26it/s] 56%|█████▌    | 166/299 [00:09&lt;00:04, 27.67it/s] 57%|█████▋    | 171/299 [00:09&lt;00:04, 31.11it/s] 59%|█████▉    | 176/299 [00:10&lt;00:03, 33.95it/s] 61%|██████    | 181/299 [00:10&lt;00:03, 35.86it/s] 62%|██████▏   | 185/299 [00:10&lt;00:03, 36.91it/s] 64%|██████▎   | 190/299 [00:10&lt;00:02, 38.77it/s] 65%|██████▌   | 195/299 [00:10&lt;00:02, 37.12it/s] 67%|██████▋   | 200/299 [00:10&lt;00:02, 39.99it/s] 69%|██████▊   | 205/299 [00:10&lt;00:02, 42.44it/s] 70%|███████   | 210/299 [00:10&lt;00:02, 41.60it/s] 72%|███████▏  | 215/299 [00:10&lt;00:02, 39.40it/s] 74%|███████▎  | 220/299 [00:11&lt;00:01, 41.39it/s] 75%|███████▌  | 225/299 [00:11&lt;00:01, 39.34it/s] 77%|███████▋  | 231/299 [00:11&lt;00:01, 42.69it/s] 79%|███████▉  | 236/299 [00:11&lt;00:01, 43.71it/s] 81%|████████  | 242/299 [00:11&lt;00:01, 46.77it/s] 83%|████████▎ | 247/299 [00:11&lt;00:01, 47.20it/s] 84%|████████▍ | 252/299 [00:11&lt;00:01, 45.21it/s] 86%|████████▌ | 257/299 [00:11&lt;00:00, 45.19it/s] 88%|████████▊ | 263/299 [00:11&lt;00:00, 48.37it/s] 91%|█████████ | 271/299 [00:12&lt;00:00, 53.37it/s] 93%|█████████▎| 279/299 [00:12&lt;00:00, 59.19it/s] 96%|█████████▌| 287/299 [00:12&lt;00:00, 64.00it/s] 98%|█████████▊| 294/299 [00:12&lt;00:00, 60.04it/s]100%|██████████| 299/299 [00:12&lt;00:00, 23.74it/s]
Exception ignored in: &lt;_io.FileIO name=22 mode=&apos;rb&apos; closefd=True&gt;
ResourceWarning: unclosed file &lt;_io.BufferedReader name=22&gt;
Exception ignored in: &lt;_io.FileIO name=24 mode=&apos;rb&apos; closefd=True&gt;
ResourceWarning: unclosed file &lt;_io.BufferedReader name=24&gt;
</system-err></testcase></testsuite></testsuites>