<?xml version="1.0" encoding="utf-8"?><testsuites><testsuite name="pytest" errors="0" failures="0" skipped="0" tests="1" time="39.844" timestamp="2021-05-13T09:38:58.809044" hostname="Alexs-MacBook-Pro.local"><testcase classname="pd_parser.tests.test_parse_pd" name="test_parse_pd" time="38.753" /></testsuite></testsuites>