<?xml version="1.0" encoding="utf-8"?><testsuites><testsuite errors="0" failures="0" hostname="Alexs-MacBook-Pro.local" name="pytest" skipped="0" tests="1" time="40.691" timestamp="2020-08-18T12:51:30.276799"><testcase classname="pd_parser.tests.test_parse_pd" file="pd_parser/tests/test_parse_pd.py" line="51" name="test_parse_pd" time="39.385"></testcase></testsuite></testsuites>