<?xml version="1.0" encoding="utf-8"?><testsuites><testsuite name="pytest" errors="0" failures="0" skipped="0" tests="10" time="88.962" timestamp="2021-05-10T09:00:43.497439" hostname="Alexs-MacBook-Pro.local"><testcase classname="pd_parser.tests.test_parse_pd" name="test_inputs" time="0.538" /><testcase classname="pd_parser.tests.test_parse_pd" name="test_find_alignment" time="1.013" /><testcase classname="pd_parser.tests.test_parse_pd" name="test_resync" time="0.706" /><testcase classname="pd_parser.tests.test_parse_pd" name="test_two_pd_alignment" time="0.920" /><testcase classname="pd_parser.tests.test_parse_pd" name="test_plotting" time="0.661" /><testcase classname="pd_parser.tests.test_parse_pd" name="test_parse_pd" time="66.895" /><testcase classname="pd_parser.tests.test_parse_pd" name="test_long_events" time="0.772" /><testcase classname="pd_parser.tests.test_parse_pd" name="test_parse_audio" time="8.687" /><testcase classname="pd_parser.tests.test_parse_pd" name="test_cli" time="7.065" /><testcase classname="pd_parser.tests.test_parse_pd" name="test_examples" time="0.002" /></testsuite></testsuites>