<?xml version="1.0" encoding="utf-8"?><testsuites><testsuite name="pytest" errors="0" failures="0" skipped="0" tests="10" time="104.914" timestamp="2021-05-13T12:25:45.380880" hostname="Alexs-MacBook-Pro.local"><testcase classname="pd_parser.tests.test_parse_pd" name="test_inputs" time="0.552" /><testcase classname="pd_parser.tests.test_parse_pd" name="test_core" time="1.387" /><testcase classname="pd_parser.tests.test_parse_pd" name="test_resync" time="0.964" /><testcase classname="pd_parser.tests.test_parse_pd" name="test_two_pd_alignment" time="0.793" /><testcase classname="pd_parser.tests.test_parse_pd" name="test_plotting" time="1.711" /><testcase classname="pd_parser.tests.test_parse_pd" name="test_parse_pd" time="66.892" /><testcase classname="pd_parser.tests.test_parse_pd" name="test_long_events" time="0.875" /><testcase classname="pd_parser.tests.test_parse_pd" name="test_parse_audio" time="13.255" /><testcase classname="pd_parser.tests.test_parse_pd" name="test_cli" time="16.729" /><testcase classname="pd_parser.tests.test_parse_pd" name="test_examples" time="0.002" /></testsuite></testsuites>