<?xml version="1.0" encoding="utf-8"?><testsuites><testsuite errors="0" failures="0" hostname="CAS-HPHY506L" name="pytest" skipped="0" tests="1" time="18.656" timestamp="2020-08-14T10:17:23.989012"><testcase classname="pd_parser.tests.test_parse_pd" file="pd_parser/tests/test_parse_pd.py" line="31" name="test_parse_pd" time="16.714"></testcase></testsuite></testsuites>