<?xml version="1.0" encoding="utf-8"?><testsuites><testsuite errors="0" failures="0" hostname="Alexs-MacBook-Pro.local" name="pytest" skipped="0" tests="4" time="55.862" timestamp="2020-09-11T15:53:50.051405"><testcase classname="pd_parser.tests.test_parse_pd" file="pd_parser/tests/test_parse_pd.py" line="83" name="test_core" time="2.218"><system-out>Creating RawArray with float64 data, n_channels=1, n_times=84876
    Range : 0 ... 84875 =      0.000 ...    84.875 secs
Ready.
Writing /private/var/folders/s4/y1vlkn8d70jfw7s8s03m9p540000gn/T/tmp_mne_tempdir_zm7t6egk/test-raw.fif
Closing /private/var/folders/s4/y1vlkn8d70jfw7s8s03m9p540000gn/T/tmp_mne_tempdir_zm7t6egk/test-raw.fif [done]
Reading in foo.bar
Reading in /var/folders/s4/y1vlkn8d70jfw7s8s03m9p540000gn/T/tmp_mne_tempdir_zm7t6egk/test-raw.fif
Opening raw data file /var/folders/s4/y1vlkn8d70jfw7s8s03m9p540000gn/T/tmp_mne_tempdir_zm7t6egk/test-raw.fif...
Isotrak not found
    Range : 0 ... 84875 =      0.000 ...    84.875 secs
Ready.
Reading 0 ... 84875  =      0.000 ...    84.875 secs...
Finding photodiode events
10 up-deflection photodiode candidate events found
Checking best behavior-photodiode difference alignments
Best alignment with the photodiode shifted 25 ms relative to the first behavior event
errors: min -27, q1 -15, med 4, q3 20, max 75
Excluding events that have zero close events or more than one photodiode event within `max_len` time
Excluding event 6, no event found
Used Annotations descriptions: [&apos;Fixation&apos;]
Reading in /var/folders/s4/y1vlkn8d70jfw7s8s03m9p540000gn/T/tmp_mne_tempdir_zm7t6egk/test-raw.fif
Opening raw data file /var/folders/s4/y1vlkn8d70jfw7s8s03m9p540000gn/T/tmp_mne_tempdir_zm7t6egk/test-raw.fif...
Isotrak not found
    Range : 0 ... 84875 =      0.000 ...    84.875 secs
Ready.
Reading 0 ... 84875  =      0.000 ...    84.875 secs...
Finding photodiode events
10 up-deflection photodiode candidate events found
No behavioral tsv file was provided so the photodiode events will be returned without validation by task timing
Used Annotations descriptions: [&apos;Fixation&apos;]
Creating RawArray with float64 data, n_channels=1, n_times=84876
    Range : 0 ... 84875 =      0.000 ...    84.875 secs
Ready.
Finding photodiode events
10 up-deflection photodiode candidate events found
Checking best behavior-photodiode difference alignments
Best alignment with the photodiode shifted 25 ms relative to the first behavior event
errors: min -34, q1 -18, med 4, q3 29, max 75
Excluding events that have zero close events or more than one photodiode event within `max_len` time
Excluding event 1, off by 42 ms
Excluding event 6, no event found
Excluding event 7, off by -34 ms
</system-out><system-err>  0%|          | 0/1349 [00:00&lt;?, ?it/s] 20%|██        | 276/1349 [00:00&lt;00:00, 2726.25it/s] 51%|█████     | 685/1349 [00:00&lt;00:00, 3026.94it/s] 72%|███████▏  | 977/1349 [00:00&lt;00:00, 2536.48it/s] 86%|████████▌ | 1158/1349 [00:00&lt;00:00, 1776.17it/s] 98%|█████████▊| 1316/1349 [00:00&lt;00:00, 1645.12it/s]100%|██████████| 1349/1349 [00:00&lt;00:00, 2052.07it/s]
  0%|          | 0/7 [00:00&lt;?, ?it/s]100%|██████████| 7/7 [00:00&lt;00:00, 1016.10it/s]
  0%|          | 0/668 [00:00&lt;?, ?it/s] 61%|██████    | 406/668 [00:00&lt;00:00, 4057.16it/s]100%|██████████| 668/668 [00:00&lt;00:00, 4318.53it/s]
  0%|          | 0/1349 [00:00&lt;?, ?it/s] 34%|███▎      | 452/1349 [00:00&lt;00:00, 4515.12it/s] 75%|███████▍  | 1006/1349 [00:00&lt;00:00, 4779.88it/s]100%|██████████| 1349/1349 [00:00&lt;00:00, 5101.07it/s]
  0%|          | 0/7 [00:00&lt;?, ?it/s]100%|██████████| 7/7 [00:00&lt;00:00, 1371.01it/s]
</system-err></testcase><testcase classname="pd_parser.tests.test_parse_pd" file="pd_parser/tests/test_parse_pd.py" line="242" name="test_two_pd_alignment" time="0.533"><system-out>Creating RawArray with float64 data, n_channels=1, n_times=84876
    Range : 0 ... 84875 =      0.000 ...    84.875 secs
Ready.
Writing /private/var/folders/s4/y1vlkn8d70jfw7s8s03m9p540000gn/T/tmp_mne_tempdir_lc_n03pv/test-raw.fif
Closing /private/var/folders/s4/y1vlkn8d70jfw7s8s03m9p540000gn/T/tmp_mne_tempdir_lc_n03pv/test-raw.fif [done]
Reading in /var/folders/s4/y1vlkn8d70jfw7s8s03m9p540000gn/T/tmp_mne_tempdir_lc_n03pv/test-raw.fif
Opening raw data file /var/folders/s4/y1vlkn8d70jfw7s8s03m9p540000gn/T/tmp_mne_tempdir_lc_n03pv/test-raw.fif...
Isotrak not found
    Range : 0 ... 84875 =      0.000 ...    84.875 secs
Ready.
Reading 0 ... 84875  =      0.000 ...    84.875 secs...
Finding photodiode events
10 up-deflection photodiode candidate events found
Checking best behavior-photodiode difference alignments
Best alignment with the photodiode shifted 12 ms relative to the first behavior event
errors: min -26, q1 -24, med -19, q3 14, max 29
Excluding events that have zero close events or more than one photodiode event within `max_len` time
Reading in /var/folders/s4/y1vlkn8d70jfw7s8s03m9p540000gn/T/tmp_mne_tempdir_lc_n03pv/test-raw.fif
Opening raw data file /var/folders/s4/y1vlkn8d70jfw7s8s03m9p540000gn/T/tmp_mne_tempdir_lc_n03pv/test-raw.fif...
Isotrak not found
    Range : 0 ... 84875 =      0.000 ...    84.875 secs
Ready.
Reading 0 ... 84875  =      0.000 ...    84.875 secs...
Finding photodiode events
10 up-deflection photodiode candidate events found
Checking best behavior-photodiode difference alignments
Best alignment with the photodiode shifted 18 ms relative to the first behavior event
errors: min -43, q1 -41, med -1, q3 0, max 46
Excluding events that have zero close events or more than one photodiode event within `max_len` time
Used Annotations descriptions: [&apos;Fixation&apos;, &apos;Response&apos;]
</system-out><system-err>  0%|          | 0/668 [00:00&lt;?, ?it/s] 77%|███████▋  | 514/668 [00:00&lt;00:00, 5132.00it/s]100%|██████████| 668/668 [00:00&lt;00:00, 4221.12it/s]
  0%|          | 0/4 [00:00&lt;?, ?it/s]100%|██████████| 4/4 [00:00&lt;00:00, 704.13it/s]
  0%|          | 0/668 [00:00&lt;?, ?it/s] 71%|███████   | 472/668 [00:00&lt;00:00, 4712.61it/s]100%|██████████| 668/668 [00:00&lt;00:00, 4858.01it/s]
  0%|          | 0/4 [00:00&lt;?, ?it/s]100%|██████████| 4/4 [00:00&lt;00:00, 2100.83it/s]
</system-err></testcase><testcase classname="pd_parser.tests.test_parse_pd" file="pd_parser/tests/test_parse_pd.py" line="286" name="test_parse_pd" time="23.501"><system-out>Writing /private/var/folders/s4/y1vlkn8d70jfw7s8s03m9p540000gn/T/tmp_mne_tempdir_rd0ulfhz/pd_data-raw.fif
Closing /private/var/folders/s4/y1vlkn8d70jfw7s8s03m9p540000gn/T/tmp_mne_tempdir_rd0ulfhz/pd_data-raw.fif [done]
Reading in /var/folders/s4/y1vlkn8d70jfw7s8s03m9p540000gn/T/tmp_mne_tempdir_rd0ulfhz/pd_data-raw.fif
Opening raw data file /var/folders/s4/y1vlkn8d70jfw7s8s03m9p540000gn/T/tmp_mne_tempdir_rd0ulfhz/pd_data-raw.fif...
Isotrak not found
    Range : 0 ... 2818157 =      0.000 ...  2819.815 secs
Ready.
Reading 0 ... 2818157  =      0.000 ...  2819.815 secs...
Reading in /var/folders/s4/y1vlkn8d70jfw7s8s03m9p540000gn/T/tmp_mne_tempdir_rd0ulfhz/pd_data-raw.fif
Opening raw data file /var/folders/s4/y1vlkn8d70jfw7s8s03m9p540000gn/T/tmp_mne_tempdir_rd0ulfhz/pd_data-raw.fif...
Isotrak not found
    Range : 0 ... 2818157 =      0.000 ...  2819.815 secs
Ready.
Reading 0 ... 2818157  =      0.000 ...  2819.815 secs...
Finding photodiode events
299 up-deflection photodiode candidate events found
Checking best behavior-photodiode difference alignments
Best alignment with the photodiode shifted 203 ms relative to the first behavior event
errors: min -51, q1 -8, med -5, q3 0, max 75
Excluding events that have zero close events or more than one photodiode event within `max_len` time
Excluding event 0, off by -95 ms
Excluding event 75, off by -109 ms
Excluding event 98, no event found
Excluding event 150, off by -84 ms
Excluding event 151, off by -43 ms
Excluding event 223, no event found
Excluding event 225, off by -51 ms
Excluding event 226, off by 37 ms
Excluding event 231, no event found
Excluding event 256, no event found
Excluding event 294, no event found
Opening raw data file /var/folders/s4/y1vlkn8d70jfw7s8s03m9p540000gn/T/tmp_mne_tempdir_rd0ulfhz/pd_data-raw.fif...
Isotrak not found
    Range : 0 ... 2818157 =      0.000 ...  2819.815 secs
Ready.
Used Annotations descriptions: [&apos;Fixation&apos;]
Reading in /var/folders/s4/y1vlkn8d70jfw7s8s03m9p540000gn/T/tmp_mne_tempdir_rd0ulfhz/pd_data-raw.fif
Opening raw data file /var/folders/s4/y1vlkn8d70jfw7s8s03m9p540000gn/T/tmp_mne_tempdir_rd0ulfhz/pd_data-raw.fif...
Isotrak not found
    Range : 0 ... 2818157 =      0.000 ...  2819.815 secs
Ready.
Reading 0 ... 2818157  =      0.000 ...  2819.815 secs...
Used Annotations descriptions: [&apos;Fixation&apos;, &apos;Stim Off&apos;]
Reading in /var/folders/s4/y1vlkn8d70jfw7s8s03m9p540000gn/T/tmp_mne_tempdir_rd0ulfhz/pd_data-raw.fif
Opening raw data file /var/folders/s4/y1vlkn8d70jfw7s8s03m9p540000gn/T/tmp_mne_tempdir_rd0ulfhz/pd_data-raw.fif...
Isotrak not found
    Range : 0 ... 2818157 =      0.000 ...  2819.815 secs
Ready.
Reading 0 ... 2818157  =      0.000 ...  2819.815 secs...
Used Annotations descriptions: [&apos;Fixation&apos;, &apos;Go Cue&apos;, &apos;ISI Onset&apos;, &apos;Response&apos;, &apos;Stim Off&apos;]
Reading in /var/folders/s4/y1vlkn8d70jfw7s8s03m9p540000gn/T/tmp_mne_tempdir_rd0ulfhz/pd_data-raw.fif
Opening raw data file /var/folders/s4/y1vlkn8d70jfw7s8s03m9p540000gn/T/tmp_mne_tempdir_rd0ulfhz/pd_data-raw.fif...
Isotrak not found
    Range : 0 ... 2818157 =      0.000 ...  2819.815 secs
Ready.
Reading 0 ... 2818157  =      0.000 ...  2819.815 secs...
Writing /private/var/folders/s4/y1vlkn8d70jfw7s8s03m9p540000gn/T/tmp_mne_tempdir_rd0ulfhz/pd_data-rawpd_raw.fif
Closing /private/var/folders/s4/y1vlkn8d70jfw7s8s03m9p540000gn/T/tmp_mne_tempdir_rd0ulfhz/pd_data-rawpd_raw.fif [done]
Opening raw data file /var/folders/s4/y1vlkn8d70jfw7s8s03m9p540000gn/T/tmp_mne_tempdir_rd0ulfhz/pd_data-rawpd_raw.fif...
Isotrak not found
    Range : 0 ... 2818157 =      0.000 ...  2819.815 secs
Ready.
Used Annotations descriptions: [&apos;Fixation&apos;, &apos;Go Cue&apos;, &apos;ISI Onset&apos;, &apos;Response&apos;, &apos;Stim Off&apos;]
Opening raw data file /var/folders/s4/y1vlkn8d70jfw7s8s03m9p540000gn/T/tmp_mne_tempdir_rd0ulfhz/pd_data-raw.fif...
Isotrak not found
    Range : 0 ... 2818157 =      0.000 ...  2819.815 secs
Ready.
Used Annotations descriptions: [&apos;Fixation&apos;, &apos;Go Cue&apos;, &apos;ISI Onset&apos;, &apos;Response&apos;, &apos;Stim Off&apos;]
Opening raw data file /var/folders/s4/y1vlkn8d70jfw7s8s03m9p540000gn/T/tmp_mne_tempdir_rd0ulfhz/pd_data-raw.fif...
Isotrak not found
    Range : 0 ... 2818157 =      0.000 ...  2819.815 secs
Ready.
Running subprocess: bids-validator --config.error=41 /var/folders/s4/y1vlkn8d70jfw7s8s03m9p540000gn/T/tmp_mne_tempdir_rd0ulfhz/bids_dir
bids-validator@1.5.2



	#x1B[33m1: [WARN] Tabular file contains custom columns not described in a data dictionary (code: 82 - CUSTOM_COLUMN_WITHOUT_DESCRIPTION)#x1B[39m

		./sub-1/beh/sub-1_task-test_beh.tsv

			Evidence: Columns: fix_onset_time, fix_duration, go_time, response_time, pd_sample not defined, please define in: /task-test_beh.json, /beh.json,/sub-1/sub-1_task-test_beh.json,/sub-1/sub-1_beh.json,/sub-1/beh/sub-1_task-test_beh.json,/sub-1/beh/sub-1_beh.json



#x1B[36m	Please visit https://neurostars.org/search?q=CUSTOM_COLUMN_WITHOUT_DESCRIPTION for existing conversations about this issue.#x1B[39m



	#x1B[33m2: [WARN] The Authors field of dataset_description.json should contain an array of fields - with one author per field. This was triggered based on the presence of only one author field. Please ignore if all contributors are already properly listed. (code: 102 - TOO_FEW_AUTHORS)#x1B[39m



#x1B[36m	Please visit https://neurostars.org/search?q=TOO_FEW_AUTHORS for existing conversations about this issue.#x1B[39m





        #x1B[34m#x1B[4mSummary:#x1B[24m#x1B[39m                 #x1B[34m#x1B[4mAvailable Tasks:#x1B[24m#x1B[39m        #x1B[34m#x1B[4mAvailable Modalities:#x1B[24m#x1B[39m 

        12 Files, 43.12MB        test                    beh                   

        1 - Subject                                      channels              

        1 - Session                                      events                

                                                         ieeg                  





#x1B[36m	If you have any questions, please post on https://neurostars.org/tags/bids.#x1B[39m



</system-out><system-err>  0%|          | 0/22534 [00:00&lt;?, ?it/s]  2%|▏         | 449/22534 [00:00&lt;00:04, 4419.08it/s]  3%|▎         | 679/22534 [00:00&lt;00:06, 3458.72it/s]  4%|▍         | 932/22534 [00:00&lt;00:06, 3112.11it/s]  5%|▌         | 1215/22534 [00:00&lt;00:07, 3020.28it/s]  7%|▋         | 1660/22534 [00:00&lt;00:06, 3341.68it/s]  9%|▉         | 2013/22534 [00:00&lt;00:06, 3394.87it/s] 10%|█         | 2319/22534 [00:00&lt;00:06, 3211.12it/s] 12%|█▏        | 2619/22534 [00:00&lt;00:06, 3126.95it/s] 14%|█▎        | 3079/22534 [00:00&lt;00:05, 3458.30it/s] 16%|█▌        | 3557/22534 [00:01&lt;00:05, 3761.38it/s] 17%|█▋        | 3942/22534 [00:01&lt;00:05, 3678.49it/s] 19%|█▉        | 4348/22534 [00:01&lt;00:04, 3784.41it/s] 21%|██▏       | 4797/22534 [00:01&lt;00:04, 3969.99it/s] 23%|██▎       | 5200/22534 [00:01&lt;00:04, 3953.30it/s] 25%|██▍       | 5600/22534 [00:01&lt;00:04, 3420.97it/s] 27%|██▋       | 6015/22534 [00:01&lt;00:04, 3610.78it/s] 29%|██▊       | 6459/22534 [00:01&lt;00:04, 3823.65it/s] 30%|███       | 6866/22534 [00:01&lt;00:04, 3894.10it/s] 32%|███▏      | 7281/22534 [00:01&lt;00:03, 3966.31it/s] 34%|███▍      | 7712/22534 [00:02&lt;00:03, 4063.15it/s] 36%|███▌      | 8164/22534 [00:02&lt;00:03, 4184.83it/s] 39%|███▊      | 8707/22534 [00:02&lt;00:03, 4493.48it/s] 41%|████      | 9241/22534 [00:02&lt;00:02, 4716.93it/s] 43%|████▎     | 9754/22534 [00:02&lt;00:02, 4832.56it/s] 45%|████▌     | 10245/22534 [00:02&lt;00:02, 4793.08it/s] 48%|████▊     | 10730/22534 [00:02&lt;00:02, 4736.98it/s] 50%|████▉     | 11217/22534 [00:02&lt;00:02, 4773.70it/s] 52%|█████▏    | 11716/22534 [00:02&lt;00:02, 4835.63it/s] 54%|█████▍    | 12208/22534 [00:02&lt;00:02, 4857.65it/s] 56%|█████▋    | 12714/22534 [00:03&lt;00:01, 4915.23it/s] 59%|█████▊    | 13234/22534 [00:03&lt;00:01, 4996.02it/s] 61%|██████    | 13800/22534 [00:03&lt;00:01, 5173.65it/s] 64%|██████▍   | 14369/22534 [00:03&lt;00:01, 5316.15it/s] 66%|██████▋   | 14943/22534 [00:03&lt;00:01, 5436.18it/s] 69%|██████▉   | 15514/22534 [00:03&lt;00:01, 5514.44it/s] 71%|███████▏  | 16085/22534 [00:03&lt;00:01, 5571.56it/s] 74%|███████▍  | 16647/22534 [00:03&lt;00:01, 5584.00it/s] 76%|███████▋  | 17219/22534 [00:03&lt;00:00, 5621.48it/s] 79%|███████▉  | 17790/22534 [00:03&lt;00:00, 5645.86it/s] 81%|████████▏ | 18357/22534 [00:04&lt;00:00, 5651.63it/s] 84%|████████▍ | 18923/22534 [00:04&lt;00:00, 5591.01it/s] 86%|████████▋ | 19483/22534 [00:04&lt;00:00, 5590.22it/s] 89%|████████▉ | 20048/22534 [00:04&lt;00:00, 5607.22it/s] 92%|█████████▏| 20625/22534 [00:04&lt;00:00, 5652.09it/s] 94%|█████████▍| 21191/22534 [00:04&lt;00:00, 5635.12it/s] 97%|█████████▋| 21758/22534 [00:04&lt;00:00, 5644.71it/s] 99%|█████████▉| 22323/22534 [00:04&lt;00:00, 5585.26it/s]100%|██████████| 22534/22534 [00:04&lt;00:00, 4656.47it/s]
  0%|          | 0/299 [00:00&lt;?, ?it/s]  2%|▏         | 6/299 [00:00&lt;00:05, 53.39it/s]  3%|▎         | 9/299 [00:00&lt;00:07, 40.92it/s]  4%|▍         | 12/299 [00:00&lt;00:08, 35.77it/s]  5%|▌         | 15/299 [00:00&lt;00:08, 33.21it/s]  7%|▋         | 21/299 [00:00&lt;00:07, 35.63it/s]  8%|▊         | 25/299 [00:00&lt;00:07, 34.31it/s] 10%|▉         | 29/299 [00:00&lt;00:08, 33.25it/s] 11%|█         | 33/299 [00:00&lt;00:08, 30.72it/s] 13%|█▎        | 38/299 [00:01&lt;00:07, 34.34it/s] 14%|█▍        | 42/299 [00:01&lt;00:08, 30.65it/s] 15%|█▌        | 46/299 [00:01&lt;00:08, 29.11it/s] 16%|█▋        | 49/299 [00:01&lt;00:09, 27.56it/s] 18%|█▊        | 53/299 [00:01&lt;00:08, 29.86it/s] 19%|█▉        | 57/299 [00:01&lt;00:08, 29.62it/s] 20%|██        | 61/299 [00:01&lt;00:08, 27.67it/s] 22%|██▏       | 65/299 [00:02&lt;00:08, 28.48it/s] 23%|██▎       | 68/299 [00:02&lt;00:08, 28.58it/s] 24%|██▎       | 71/299 [00:02&lt;00:07, 28.89it/s] 25%|██▍       | 74/299 [00:02&lt;00:07, 28.24it/s] 26%|██▌       | 77/299 [00:02&lt;00:08, 27.32it/s] 27%|██▋       | 80/299 [00:02&lt;00:08, 26.80it/s] 28%|██▊       | 83/299 [00:02&lt;00:08, 26.37it/s] 29%|██▉       | 86/299 [00:02&lt;00:08, 26.16it/s] 30%|██▉       | 89/299 [00:02&lt;00:08, 25.26it/s] 31%|███       | 92/299 [00:03&lt;00:08, 23.62it/s] 32%|███▏      | 95/299 [00:03&lt;00:08, 22.79it/s] 33%|███▎      | 98/299 [00:03&lt;00:09, 21.65it/s] 34%|███▍      | 102/299 [00:03&lt;00:08, 23.67it/s] 35%|███▌      | 105/299 [00:03&lt;00:07, 24.52it/s] 36%|███▌      | 108/299 [00:03&lt;00:07, 23.97it/s] 37%|███▋      | 111/299 [00:04&lt;00:10, 18.63it/s] 38%|███▊      | 114/299 [00:04&lt;00:09, 20.09it/s] 39%|███▉      | 117/299 [00:04&lt;00:08, 22.13it/s] 40%|████      | 120/299 [00:04&lt;00:07, 23.59it/s] 41%|████      | 123/299 [00:04&lt;00:07, 24.51it/s] 42%|████▏     | 127/299 [00:04&lt;00:06, 26.11it/s] 44%|████▍     | 131/299 [00:04&lt;00:06, 27.60it/s] 45%|████▌     | 135/299 [00:04&lt;00:05, 28.54it/s] 46%|████▋     | 139/299 [00:05&lt;00:05, 28.73it/s] 47%|████▋     | 142/299 [00:05&lt;00:05, 28.97it/s] 49%|████▉     | 146/299 [00:05&lt;00:05, 30.35it/s] 50%|█████     | 150/299 [00:05&lt;00:04, 32.16it/s] 52%|█████▏    | 154/299 [00:05&lt;00:04, 32.82it/s] 53%|█████▎    | 159/299 [00:05&lt;00:04, 34.36it/s] 55%|█████▍    | 164/299 [00:05&lt;00:03, 36.60it/s] 56%|█████▌    | 168/299 [00:05&lt;00:03, 35.18it/s] 58%|█████▊    | 173/299 [00:05&lt;00:03, 37.58it/s] 60%|█████▉    | 178/299 [00:06&lt;00:03, 37.38it/s] 61%|██████    | 183/299 [00:06&lt;00:03, 38.17it/s] 63%|██████▎   | 188/299 [00:06&lt;00:02, 39.13it/s] 65%|██████▍   | 193/299 [00:06&lt;00:02, 39.81it/s] 66%|██████▌   | 198/299 [00:06&lt;00:02, 39.62it/s] 68%|██████▊   | 203/299 [00:06&lt;00:02, 40.77it/s] 70%|██████▉   | 208/299 [00:06&lt;00:02, 42.28it/s] 71%|███████   | 213/299 [00:06&lt;00:02, 41.63it/s] 73%|███████▎  | 218/299 [00:07&lt;00:02, 39.43it/s] 74%|███████▍  | 222/299 [00:07&lt;00:01, 39.51it/s] 76%|███████▌  | 226/299 [00:07&lt;00:02, 34.52it/s] 77%|███████▋  | 231/299 [00:07&lt;00:01, 37.99it/s] 79%|███████▉  | 236/299 [00:07&lt;00:01, 38.70it/s] 81%|████████  | 242/299 [00:07&lt;00:01, 40.26it/s] 83%|████████▎ | 247/299 [00:07&lt;00:01, 40.85it/s] 84%|████████▍ | 252/299 [00:07&lt;00:01, 38.44it/s] 86%|████████▌ | 257/299 [00:08&lt;00:01, 38.47it/s] 88%|████████▊ | 262/299 [00:08&lt;00:00, 40.50it/s] 90%|████████▉ | 269/299 [00:08&lt;00:00, 45.69it/s] 92%|█████████▏| 275/299 [00:08&lt;00:00, 48.89it/s] 95%|█████████▍| 283/299 [00:08&lt;00:00, 55.12it/s] 97%|█████████▋| 289/299 [00:08&lt;00:00, 55.16it/s] 99%|█████████▊| 295/299 [00:08&lt;00:00, 49.25it/s]100%|██████████| 299/299 [00:08&lt;00:00, 33.75it/s]
Exception ignored in: &lt;_io.FileIO name=22 mode=&apos;rb&apos; closefd=True&gt;
ResourceWarning: unclosed file &lt;_io.BufferedReader name=22&gt;
Exception ignored in: &lt;_io.FileIO name=24 mode=&apos;rb&apos; closefd=True&gt;
ResourceWarning: unclosed file &lt;_io.BufferedReader name=24&gt;
</system-err></testcase><testcase classname="pd_parser.tests.test_parse_pd" file="pd_parser/tests/test_parse_pd.py" line="342" name="test_cli" time="26.639"><system-out>Writing /private/var/folders/s4/y1vlkn8d70jfw7s8s03m9p540000gn/T/tmp_mne_tempdir_4t84a889/pd_data-raw.fif
Closing /private/var/folders/s4/y1vlkn8d70jfw7s8s03m9p540000gn/T/tmp_mne_tempdir_4t84a889/pd_data-raw.fif [done]
Reading in /var/folders/s4/y1vlkn8d70jfw7s8s03m9p540000gn/T/tmp_mne_tempdir_4t84a889/pd_data-raw.fif
Opening raw data file /var/folders/s4/y1vlkn8d70jfw7s8s03m9p540000gn/T/tmp_mne_tempdir_4t84a889/pd_data-raw.fif...
Isotrak not found
    Range : 0 ... 2818157 =      0.000 ...  2819.815 secs
Ready.
Reading 0 ... 2818157  =      0.000 ...  2819.815 secs...
Finding photodiode events
299 up-deflection photodiode candidate events found
Checking best behavior-photodiode difference alignments
Best alignment with the photodiode shifted 203 ms relative to the first behavior event
errors: min -51, q1 -8, med -5, q3 0, max 75
Excluding events that have zero close events or more than one photodiode event within `max_len` time
Excluding event 0, off by -95 ms
Excluding event 75, off by -109 ms
Excluding event 98, no event found
Excluding event 150, off by -84 ms
Excluding event 223, no event found
Excluding event 225, off by -51 ms
Excluding event 231, no event found
Excluding event 256, no event found
Excluding event 294, no event found
Reading in /var/folders/s4/y1vlkn8d70jfw7s8s03m9p540000gn/T/tmp_mne_tempdir_4t84a889/pd_data-raw.fif
Opening raw data file /var/folders/s4/y1vlkn8d70jfw7s8s03m9p540000gn/T/tmp_mne_tempdir_4t84a889/pd_data-raw.fif...
Isotrak not found
    Range : 0 ... 2818157 =      0.000 ...  2819.815 secs
Ready.
Reading 0 ... 2818157  =      0.000 ...  2819.815 secs...
Reading in /var/folders/s4/y1vlkn8d70jfw7s8s03m9p540000gn/T/tmp_mne_tempdir_4t84a889/pd_data-raw.fif
Opening raw data file /var/folders/s4/y1vlkn8d70jfw7s8s03m9p540000gn/T/tmp_mne_tempdir_4t84a889/pd_data-raw.fif...
Isotrak not found
    Range : 0 ... 2818157 =      0.000 ...  2819.815 secs
Ready.
Reading 0 ... 2818157  =      0.000 ...  2819.815 secs...
Reading in /var/folders/s4/y1vlkn8d70jfw7s8s03m9p540000gn/T/tmp_mne_tempdir_4t84a889/pd_data-raw.fif
Opening raw data file /var/folders/s4/y1vlkn8d70jfw7s8s03m9p540000gn/T/tmp_mne_tempdir_4t84a889/pd_data-raw.fif...
Isotrak not found
    Range : 0 ... 2818157 =      0.000 ...  2819.815 secs
Ready.
Reading 0 ... 2818157  =      0.000 ...  2819.815 secs...
Writing /private/var/folders/s4/y1vlkn8d70jfw7s8s03m9p540000gn/T/tmp_mne_tempdir_4t84a889/pd_data-rawpd_raw.fif
Closing /private/var/folders/s4/y1vlkn8d70jfw7s8s03m9p540000gn/T/tmp_mne_tempdir_4t84a889/pd_data-rawpd_raw.fif [done]
Reading in /var/folders/s4/y1vlkn8d70jfw7s8s03m9p540000gn/T/tmp_mne_tempdir_4t84a889/pd_data-raw.fif
Opening raw data file /var/folders/s4/y1vlkn8d70jfw7s8s03m9p540000gn/T/tmp_mne_tempdir_4t84a889/pd_data-raw.fif...
Isotrak not found
    Range : 0 ... 2818157 =      0.000 ...  2819.815 secs
Ready.
Used Annotations descriptions: [&apos;Fixation&apos;, &apos;Go Cue&apos;, &apos;ISI Onset&apos;, &apos;Response&apos;, &apos;StimOff&apos;]
Opening raw data file /var/folders/s4/y1vlkn8d70jfw7s8s03m9p540000gn/T/tmp_mne_tempdir_4t84a889/pd_data-raw.fif...
Isotrak not found
    Range : 0 ... 2818157 =      0.000 ...  2819.815 secs
Ready.
Creating folder: /var/folders/s4/y1vlkn8d70jfw7s8s03m9p540000gn/T/tmp_mne_tempdir_4t84a889/bids_dir/sub-1/ieeg

Writing &apos;/var/folders/s4/y1vlkn8d70jfw7s8s03m9p540000gn/T/tmp_mne_tempdir_4t84a889/bids_dir/README&apos;...

References
----------
Appelhoff, S., Sanderson, M., Brooks, T., Vliet, M., Quentin, R., Holdgraf, C., Chaumon, M., Mikulan, E., Tavabi, K., Höchenberger, R., Welke, D., Brunner, C., Rockhill, A., Larson, E., Gramfort, A. and Jas, M. (2019). MNE-BIDS: Organizing electrophysiological data into the BIDS format and facilitating their analysis. Journal of Open Source Software 4: (1896). https://doi.org/10.21105/joss.01896

Holdgraf, C., Appelhoff, S., Bickel, S., Bouchard, K., D&apos;Ambrosio, S., David, O., … Hermes, D. (2019). iEEG-BIDS, extending the Brain Imaging Data Structure specification to human intracranial electrophysiology. Scientific Data, 6, 102. https://doi.org/10.1038/s41597-019-0105-7


Writing &apos;/var/folders/s4/y1vlkn8d70jfw7s8s03m9p540000gn/T/tmp_mne_tempdir_4t84a889/bids_dir/participants.tsv&apos;...

participant_id	age	sex	hand
sub-1	n/a	n/a	n/a

Writing &apos;/var/folders/s4/y1vlkn8d70jfw7s8s03m9p540000gn/T/tmp_mne_tempdir_4t84a889/bids_dir/participants.json&apos;...

{
    &quot;participant_id&quot;: {
        &quot;Description&quot;: &quot;Unique participant identifier&quot;
    },
    &quot;age&quot;: {
        &quot;Description&quot;: &quot;Age of the participant at time of testing&quot;,
        &quot;Units&quot;: &quot;years&quot;
    },
    &quot;sex&quot;: {
        &quot;Description&quot;: &quot;Biological sex of the participant&quot;,
        &quot;Levels&quot;: {
            &quot;F&quot;: &quot;female&quot;,
            &quot;M&quot;: &quot;male&quot;
        }
    },
    &quot;hand&quot;: {
        &quot;Description&quot;: &quot;Handedness of the participant&quot;,
        &quot;Levels&quot;: {
            &quot;R&quot;: &quot;right&quot;,
            &quot;L&quot;: &quot;left&quot;,
            &quot;A&quot;: &quot;ambidextrous&quot;
        }
    }
}

Writing &apos;/var/folders/s4/y1vlkn8d70jfw7s8s03m9p540000gn/T/tmp_mne_tempdir_4t84a889/bids_dir/sub-1/ieeg/sub-1_task-test_events.tsv&apos;...

onset	duration	trial_type	value	sample
210.7579025950803	0.0	Fixation	1	210634
211.4583143605909	0.0	ISI Onset	3	211334
211.4603155370638	0.0	StimOff	5	211336
212.18974436143122	0.0	Go Cue	2	212065
212.5599620089154	0.0	Response	4	212435

Writing &apos;/var/folders/s4/y1vlkn8d70jfw7s8s03m9p540000gn/T/tmp_mne_tempdir_4t84a889/bids_dir/dataset_description.json&apos;...

{
    &quot;Name&quot;: &quot; &quot;,
    &quot;BIDSVersion&quot;: &quot;1.4.0&quot;,
    &quot;DatasetType&quot;: &quot;raw&quot;,
    &quot;Authors&quot;: [
        &quot;Please cite MNE-BIDS in your publication before removing this (citations in README)&quot;
    ]
}

Writing &apos;/var/folders/s4/y1vlkn8d70jfw7s8s03m9p540000gn/T/tmp_mne_tempdir_4t84a889/bids_dir/sub-1/ieeg/sub-1_task-test_ieeg.json&apos;...

{
    &quot;TaskName&quot;: &quot;test&quot;,
    &quot;Manufacturer&quot;: &quot;Elekta&quot;,
    &quot;PowerLineFrequency&quot;: 60.0,
    &quot;SamplingFrequency&quot;: 999.412109375,
    &quot;SoftwareFilters&quot;: &quot;n/a&quot;,
    &quot;RecordingDuration&quot;: 2819.8147426514415,
    &quot;RecordingType&quot;: &quot;continuous&quot;,
    &quot;iEEGReference&quot;: &quot;n/a&quot;,
    &quot;ECOGChannelCount&quot;: 0,
    &quot;SEEGChannelCount&quot;: 3,
    &quot;EEGChannelCount&quot;: 0,
    &quot;EOGChannelCount&quot;: 0,
    &quot;ECGChannelCount&quot;: 0,
    &quot;EMGChannelCount&quot;: 0,
    &quot;MiscChannelCount&quot;: 0,
    &quot;TriggerChannelCount&quot;: 1
}

Writing &apos;/var/folders/s4/y1vlkn8d70jfw7s8s03m9p540000gn/T/tmp_mne_tempdir_4t84a889/bids_dir/sub-1/ieeg/sub-1_task-test_channels.tsv&apos;...

name	type	units	low_cutoff	high_cutoff	description	sampling_frequency	status	status_description
pd	TRIG	n/a	0.0	499.7060546875	Trigger	999.412109375	good	n/a
ch1	SEEG	V	0.0	499.7060546875	StereoEEG	999.412109375	good	n/a
ch2	SEEG	V	0.0	499.7060546875	StereoEEG	999.412109375	good	n/a
ch3	SEEG	V	0.0	499.7060546875	StereoEEG	999.412109375	good	n/a

Writing &apos;/var/folders/s4/y1vlkn8d70jfw7s8s03m9p540000gn/T/tmp_mne_tempdir_4t84a889/bids_dir/sub-1/sub-1_scans.tsv&apos;...

filename	acq_time
ieeg/sub-1_task-test_ieeg.vhdr	n/a
Wrote /var/folders/s4/y1vlkn8d70jfw7s8s03m9p540000gn/T/tmp_mne_tempdir_4t84a889/bids_dir/sub-1/sub-1_scans.tsv entry with ieeg/sub-1_task-test_ieeg.vhdr.
</system-out><system-err>  0%|          | 0/22534 [00:00&lt;?, ?it/s]/Users/alexrockhill/projects/pd-parser/pd_parser/parse_pd.py:153: RuntimeWarning: divide by zero encountered in true_divide
  s = (pd[i:i + 2 * max_len_i] - np.median(b)) / np.std(b)
/Users/alexrockhill/projects/pd-parser/pd_parser/parse_pd.py:153: RuntimeWarning: invalid value encountered in true_divide
  s = (pd[i:i + 2 * max_len_i] - np.median(b)) / np.std(b)
  2%|▏         | 514/22534 [00:00&lt;00:04, 5137.33it/s]  4%|▍         | 991/22534 [00:00&lt;00:04, 5020.25it/s]  7%|▋         | 1511/22534 [00:00&lt;00:04, 5070.53it/s]  9%|▉         | 2064/22534 [00:00&lt;00:03, 5199.14it/s] 12%|█▏        | 2615/22534 [00:00&lt;00:03, 5286.69it/s] 14%|█▍        | 3159/22534 [00:00&lt;00:03, 5330.64it/s] 16%|█▋        | 3685/22534 [00:00&lt;00:03, 5309.09it/s] 19%|█▉        | 4238/22534 [00:00&lt;00:03, 5371.98it/s] 21%|██▏       | 4798/22534 [00:00&lt;00:03, 5436.42it/s] 24%|██▍       | 5355/22534 [00:01&lt;00:03, 5472.70it/s] 26%|██▋       | 5918/22534 [00:01&lt;00:03, 5517.19it/s] 29%|██▊       | 6460/22534 [00:01&lt;00:02, 5473.60it/s] 31%|███       | 7006/22534 [00:01&lt;00:02, 5468.25it/s] 34%|███▎      | 7556/22534 [00:01&lt;00:02, 5476.62it/s] 36%|███▌      | 8114/22534 [00:01&lt;00:02, 5505.65it/s] 38%|███▊      | 8669/22534 [00:01&lt;00:02, 5518.72it/s] 41%|████      | 9230/22534 [00:01&lt;00:02, 5543.68it/s] 43%|████▎     | 9784/22534 [00:01&lt;00:02, 5423.63it/s] 46%|████▌     | 10327/22534 [00:01&lt;00:02, 5409.19it/s] 48%|████▊     | 10868/22534 [00:02&lt;00:02, 5388.93it/s] 51%|█████     | 11407/22534 [00:02&lt;00:02, 5359.18it/s] 53%|█████▎    | 11943/22534 [00:02&lt;00:02, 5282.51it/s] 55%|█████▌    | 12472/22534 [00:02&lt;00:01, 5265.53it/s] 58%|█████▊    | 13000/22534 [00:02&lt;00:01, 5267.01it/s] 60%|██████    | 13538/22534 [00:02&lt;00:01, 5300.12it/s] 63%|██████▎   | 14086/22534 [00:02&lt;00:01, 5351.45it/s] 65%|██████▍   | 14631/22534 [00:02&lt;00:01, 5379.73it/s] 67%|██████▋   | 15185/22534 [00:02&lt;00:01, 5424.17it/s] 70%|██████▉   | 15732/22534 [00:02&lt;00:01, 5435.23it/s] 72%|███████▏  | 16276/22534 [00:03&lt;00:01, 5396.32it/s] 75%|███████▍  | 16816/22534 [00:03&lt;00:01, 5369.11it/s] 77%|███████▋  | 17354/22534 [00:03&lt;00:00, 5348.50it/s] 79%|███████▉  | 17903/22534 [00:03&lt;00:00, 5387.05it/s] 82%|████████▏ | 18444/22534 [00:03&lt;00:00, 5393.22it/s] 84%|████████▍ | 19000/22534 [00:03&lt;00:00, 5442.16it/s] 87%|████████▋ | 19545/22534 [00:03&lt;00:00, 5436.45it/s] 89%|████████▉ | 20089/22534 [00:03&lt;00:00, 5425.98it/s] 92%|█████████▏| 20642/22534 [00:03&lt;00:00, 5456.01it/s] 94%|█████████▍| 21188/22534 [00:03&lt;00:00, 5429.56it/s] 96%|█████████▋| 21732/22534 [00:04&lt;00:00, 5392.24it/s] 99%|█████████▉| 22272/22534 [00:04&lt;00:00, 5331.58it/s]100%|██████████| 22534/22534 [00:04&lt;00:00, 5383.74it/s]
  0%|          | 0/299 [00:00&lt;?, ?it/s]  2%|▏         | 6/299 [00:00&lt;00:05, 53.91it/s]  3%|▎         | 9/299 [00:00&lt;00:06, 41.53it/s]  4%|▍         | 12/299 [00:00&lt;00:08, 35.58it/s]  5%|▌         | 15/299 [00:00&lt;00:08, 33.03it/s]  7%|▋         | 20/299 [00:00&lt;00:07, 36.66it/s]  8%|▊         | 24/299 [00:00&lt;00:07, 34.81it/s]  9%|▉         | 28/299 [00:00&lt;00:08, 31.10it/s] 11%|█         | 32/299 [00:00&lt;00:08, 31.32it/s] 12%|█▏        | 37/299 [00:01&lt;00:07, 34.74it/s] 14%|█▎        | 41/299 [00:01&lt;00:08, 31.08it/s] 15%|█▌        | 45/299 [00:01&lt;00:08, 29.00it/s] 16%|█▌        | 48/299 [00:01&lt;00:09, 27.87it/s] 17%|█▋        | 52/299 [00:01&lt;00:08, 30.61it/s] 19%|█▊        | 56/299 [00:01&lt;00:07, 30.41it/s] 20%|██        | 60/299 [00:01&lt;00:08, 28.77it/s] 21%|██▏       | 64/299 [00:02&lt;00:07, 29.47it/s] 23%|██▎       | 68/299 [00:02&lt;00:07, 29.31it/s] 24%|██▍       | 72/299 [00:02&lt;00:07, 29.43it/s] 25%|██▌       | 75/299 [00:02&lt;00:07, 28.72it/s] 26%|██▌       | 78/299 [00:02&lt;00:08, 27.48it/s] 27%|██▋       | 81/299 [00:02&lt;00:07, 27.33it/s] 28%|██▊       | 84/299 [00:02&lt;00:07, 26.91it/s] 29%|██▉       | 87/299 [00:02&lt;00:07, 27.43it/s] 30%|███       | 90/299 [00:02&lt;00:07, 27.16it/s] 31%|███       | 93/299 [00:03&lt;00:07, 27.63it/s] 32%|███▏      | 96/299 [00:03&lt;00:07, 28.26it/s] 33%|███▎      | 99/299 [00:03&lt;00:07, 27.89it/s] 34%|███▍      | 103/299 [00:03&lt;00:06, 29.67it/s] 36%|███▌      | 107/299 [00:03&lt;00:06, 29.78it/s] 37%|███▋      | 111/299 [00:03&lt;00:06, 30.13it/s] 38%|███▊      | 115/299 [00:03&lt;00:05, 30.72it/s] 40%|███▉      | 119/299 [00:03&lt;00:05, 30.75it/s] 41%|████      | 123/299 [00:04&lt;00:05, 30.76it/s] 42%|████▏     | 127/299 [00:04&lt;00:05, 31.53it/s] 44%|████▍     | 131/299 [00:04&lt;00:05, 32.34it/s] 45%|████▌     | 135/299 [00:04&lt;00:05, 32.55it/s] 46%|████▋     | 139/299 [00:04&lt;00:05, 31.58it/s] 48%|████▊     | 143/299 [00:04&lt;00:05, 31.10it/s] 49%|████▉     | 147/299 [00:04&lt;00:04, 32.22it/s] 51%|█████     | 151/299 [00:04&lt;00:04, 33.86it/s] 52%|█████▏    | 155/299 [00:05&lt;00:04, 34.28it/s] 53%|█████▎    | 159/299 [00:05&lt;00:03, 35.30it/s] 55%|█████▍    | 164/299 [00:05&lt;00:03, 37.44it/s] 56%|█████▌    | 168/299 [00:05&lt;00:03, 36.01it/s] 58%|█████▊    | 173/299 [00:05&lt;00:03, 38.39it/s] 60%|█████▉    | 178/299 [00:05&lt;00:03, 38.25it/s] 61%|██████    | 183/299 [00:05&lt;00:02, 38.81it/s] 63%|██████▎   | 188/299 [00:05&lt;00:02, 39.76it/s] 65%|██████▍   | 193/299 [00:05&lt;00:02, 40.25it/s] 66%|██████▌   | 198/299 [00:06&lt;00:02, 40.10it/s] 68%|██████▊   | 203/299 [00:06&lt;00:02, 41.51it/s] 70%|██████▉   | 208/299 [00:06&lt;00:02, 42.92it/s] 71%|███████   | 213/299 [00:06&lt;00:02, 41.84it/s] 73%|███████▎  | 218/299 [00:06&lt;00:02, 39.70it/s] 75%|███████▍  | 223/299 [00:06&lt;00:01, 38.47it/s] 76%|███████▌  | 227/299 [00:06&lt;00:01, 36.98it/s] 78%|███████▊  | 233/299 [00:06&lt;00:01, 38.84it/s] 80%|███████▉  | 239/299 [00:07&lt;00:01, 42.16it/s] 82%|████████▏ | 244/299 [00:07&lt;00:01, 42.23it/s] 83%|████████▎ | 249/299 [00:07&lt;00:01, 39.81it/s] 85%|████████▍ | 254/299 [00:07&lt;00:01, 37.43it/s] 87%|████████▋ | 259/299 [00:07&lt;00:01, 38.37it/s] 89%|████████▉ | 266/299 [00:07&lt;00:00, 43.84it/s] 91%|█████████ | 272/299 [00:07&lt;00:00, 46.79it/s] 93%|█████████▎| 278/299 [00:07&lt;00:00, 49.80it/s] 96%|█████████▌| 286/299 [00:08&lt;00:00, 54.62it/s] 98%|█████████▊| 292/299 [00:08&lt;00:00, 51.55it/s]100%|█████████▉| 298/299 [00:08&lt;00:00, 47.72it/s]100%|██████████| 299/299 [00:08&lt;00:00, 35.87it/s]
/Users/alexrockhill/projects/pd-parser/pd_parser/parse_pd.py:879: RuntimeWarning: The unit for channel(s) pd has changed from V to NA.
  raw.set_channel_types({ch: &apos;stim&apos; for ch in pd_channels
/Users/alexrockhill/software/mne-bids/mne_bids/write.py:1115: RuntimeWarning: Converting data files to BrainVision format
  warn(&apos;Converting data files to BrainVision format&apos;)
</system-err></testcase></testsuite></testsuites>