<?xml version="1.0" encoding="utf-8"?><testsuites><testsuite name="pytest" errors="0" failures="0" skipped="0" tests="1" time="1.770" timestamp="2021-05-14T23:16:22.849833" hostname="Alexs-MacBook-Pro.local"><testcase classname="pd_parser.tests.test_parse_pd" name="test_plotting" time="0.924" /></testsuite></testsuites>