<?xml version="1.0" encoding="utf-8"?><testsuites><testsuite errors="0" failures="0" hostname="CAS-HPHY506L" name="pytest" skipped="0" tests="1" time="9.783" timestamp="2020-08-12T08:52:36.367519"><testcase classname="pd_parser.tests.test_parse_pd" file="pd_parser/tests/test_parse_pd.py" line="21" name="test_parse_pd" time="0.001"></testcase></testsuite></testsuites>