<?xml version="1.0" encoding="utf-8"?><testsuites><testsuite errors="0" failures="0" hostname="Alexs-MacBook-Pro.local" name="pytest" skipped="0" tests="1" time="33.065" timestamp="2020-08-17T13:45:07.523922"><testcase classname="pd_parser.tests.test_parse_pd" file="pd_parser/tests/test_parse_pd.py" line="51" name="test_parse_pd" time="31.790"></testcase></testsuite></testsuites>