<?xml version="1.0" encoding="utf-8"?><testsuites><testsuite errors="0" failures="0" hostname="Alexs-MacBook-Pro.local" name="pytest" skipped="0" tests="2" time="103.918" timestamp="2020-08-24T19:36:43.770885"><testcase classname="pd_parser.tests.test_parse_pd" file="pd_parser/tests/test_parse_pd.py" line="62" name="test_core" time="1.067"></testcase><testcase classname="pd_parser.tests.test_parse_pd" file="pd_parser/tests/test_parse_pd.py" line="172" name="test_two_pd_alignment" time="5.337"></testcase><testcase time="0.000"></testcase></testsuite></testsuites>