<?xml version="1.0" encoding="utf-8"?><testsuites><testsuite name="pytest" errors="0" failures="0" skipped="0" tests="1" time="3.919" timestamp="2021-05-03T10:01:35.679518" hostname="Alexs-MacBook-Pro.local"><testcase classname="pd_parser.tests.test_parse_pd" name="test_core" time="1.858" /></testsuite></testsuites>